This is pdfTeX, Version 3.1415926-2.4-1.40.13 (TeX Live 2012) (format=pdflatex 2013.4.4)  13 JUN 2013 11:04
entering extended mode
 restricted \write18 enabled.
 %&-line parsing enabled.
**VIS.tex
(./VIS.tex
LaTeX2e <2011/06/27>
Babel <v3.8m> and hyphenation patterns for english, dumylang, nohyphenation, ge
rman-x-2012-05-30, ngerman-x-2012-05-30, afrikaans, ancientgreek, ibycus, arabi
c, armenian, basque, bulgarian, catalan, pinyin, coptic, croatian, czech, danis
h, dutch, ukenglish, usenglishmax, esperanto, estonian, ethiopic, farsi, finnis
h, french, friulan, galician, german, ngerman, swissgerman, monogreek, greek, h
ungarian, icelandic, assamese, bengali, gujarati, hindi, kannada, malayalam, ma
rathi, oriya, panjabi, tamil, telugu, indonesian, interlingua, irish, italian, 
kurmanji, latin, latvian, lithuanian, mongolian, mongolianlmc, bokmal, nynorsk,
 piedmontese, polish, portuguese, romanian, romansh, russian, sanskrit, serbian
, serbianc, slovak, slovenian, spanish, swedish, turkish, turkmen, ukrainian, u
ppersorbian, welsh, loaded.
(./sphinxmanual.cls
Document Class: sphinxmanual 2009/06/02 Document class (Sphinx manual)
(/usr/local/texlive/2012/texmf-dist/tex/latex/base/report.cls
Document Class: report 2007/10/19 v1.4h Standard LaTeX document class
(/usr/local/texlive/2012/texmf-dist/tex/latex/base/size11.clo
File: size11.clo 2007/10/19 v1.4h Standard LaTeX file (size option)
)
\c@part=\count79
\c@chapter=\count80
\c@section=\count81
\c@subsection=\count82
\c@subsubsection=\count83
\c@paragraph=\count84
\c@subparagraph=\count85
\c@figure=\count86
\c@table=\count87
\abovecaptionskip=\skip41
\belowcaptionskip=\skip42
\bibindent=\dimen102
))
(/usr/local/texlive/2012/texmf-dist/tex/latex/base/inputenc.sty
Package: inputenc 2008/03/30 v1.1d Input encoding file
\inpenc@prehook=\toks14
\inpenc@posthook=\toks15

(/usr/local/texlive/2012/texmf-dist/tex/latex/base/utf8.def
File: utf8.def 2008/04/05 v1.1m UTF-8 support for inputenc
Now handling font encoding OML ...
... no UTF-8 mapping file for font encoding OML
Now handling font encoding T1 ...
... processing UTF-8 mapping file for font encoding T1

(/usr/local/texlive/2012/texmf-dist/tex/latex/base/t1enc.dfu
File: t1enc.dfu 2008/04/05 v1.1m UTF-8 support for inputenc
   defining Unicode char U+00A1 (decimal 161)
   defining Unicode char U+00A3 (decimal 163)
   defining Unicode char U+00AB (decimal 171)
   defining Unicode char U+00BB (decimal 187)
   defining Unicode char U+00BF (decimal 191)
   defining Unicode char U+00C0 (decimal 192)
   defining Unicode char U+00C1 (decimal 193)
   defining Unicode char U+00C2 (decimal 194)
   defining Unicode char U+00C3 (decimal 195)
   defining Unicode char U+00C4 (decimal 196)
   defining Unicode char U+00C5 (decimal 197)
   defining Unicode char U+00C6 (decimal 198)
   defining Unicode char U+00C7 (decimal 199)
   defining Unicode char U+00C8 (decimal 200)
   defining Unicode char U+00C9 (decimal 201)
   defining Unicode char U+00CA (decimal 202)
   defining Unicode char U+00CB (decimal 203)
   defining Unicode char U+00CC (decimal 204)
   defining Unicode char U+00CD (decimal 205)
   defining Unicode char U+00CE (decimal 206)
   defining Unicode char U+00CF (decimal 207)
   defining Unicode char U+00D0 (decimal 208)
   defining Unicode char U+00D1 (decimal 209)
   defining Unicode char U+00D2 (decimal 210)
   defining Unicode char U+00D3 (decimal 211)
   defining Unicode char U+00D4 (decimal 212)
   defining Unicode char U+00D5 (decimal 213)
   defining Unicode char U+00D6 (decimal 214)
   defining Unicode char U+00D8 (decimal 216)
   defining Unicode char U+00D9 (decimal 217)
   defining Unicode char U+00DA (decimal 218)
   defining Unicode char U+00DB (decimal 219)
   defining Unicode char U+00DC (decimal 220)
   defining Unicode char U+00DD (decimal 221)
   defining Unicode char U+00DE (decimal 222)
   defining Unicode char U+00DF (decimal 223)
   defining Unicode char U+00E0 (decimal 224)
   defining Unicode char U+00E1 (decimal 225)
   defining Unicode char U+00E2 (decimal 226)
   defining Unicode char U+00E3 (decimal 227)
   defining Unicode char U+00E4 (decimal 228)
   defining Unicode char U+00E5 (decimal 229)
   defining Unicode char U+00E6 (decimal 230)
   defining Unicode char U+00E7 (decimal 231)
   defining Unicode char U+00E8 (decimal 232)
   defining Unicode char U+00E9 (decimal 233)
   defining Unicode char U+00EA (decimal 234)
   defining Unicode char U+00EB (decimal 235)
   defining Unicode char U+00EC (decimal 236)
   defining Unicode char U+00ED (decimal 237)
   defining Unicode char U+00EE (decimal 238)
   defining Unicode char U+00EF (decimal 239)
   defining Unicode char U+00F0 (decimal 240)
   defining Unicode char U+00F1 (decimal 241)
   defining Unicode char U+00F2 (decimal 242)
   defining Unicode char U+00F3 (decimal 243)
   defining Unicode char U+00F4 (decimal 244)
   defining Unicode char U+00F5 (decimal 245)
   defining Unicode char U+00F6 (decimal 246)
   defining Unicode char U+00F8 (decimal 248)
   defining Unicode char U+00F9 (decimal 249)
   defining Unicode char U+00FA (decimal 250)
   defining Unicode char U+00FB (decimal 251)
   defining Unicode char U+00FC (decimal 252)
   defining Unicode char U+00FD (decimal 253)
   defining Unicode char U+00FE (decimal 254)
   defining Unicode char U+00FF (decimal 255)
   defining Unicode char U+0102 (decimal 258)
   defining Unicode char U+0103 (decimal 259)
   defining Unicode char U+0104 (decimal 260)
   defining Unicode char U+0105 (decimal 261)
   defining Unicode char U+0106 (decimal 262)
   defining Unicode char U+0107 (decimal 263)
   defining Unicode char U+010C (decimal 268)
   defining Unicode char U+010D (decimal 269)
   defining Unicode char U+010E (decimal 270)
   defining Unicode char U+010F (decimal 271)
   defining Unicode char U+0110 (decimal 272)
   defining Unicode char U+0111 (decimal 273)
   defining Unicode char U+0118 (decimal 280)
   defining Unicode char U+0119 (decimal 281)
   defining Unicode char U+011A (decimal 282)
   defining Unicode char U+011B (decimal 283)
   defining Unicode char U+011E (decimal 286)
   defining Unicode char U+011F (decimal 287)
   defining Unicode char U+0130 (decimal 304)
   defining Unicode char U+0131 (decimal 305)
   defining Unicode char U+0132 (decimal 306)
   defining Unicode char U+0133 (decimal 307)
   defining Unicode char U+0139 (decimal 313)
   defining Unicode char U+013A (decimal 314)
   defining Unicode char U+013D (decimal 317)
   defining Unicode char U+013E (decimal 318)
   defining Unicode char U+0141 (decimal 321)
   defining Unicode char U+0142 (decimal 322)
   defining Unicode char U+0143 (decimal 323)
   defining Unicode char U+0144 (decimal 324)
   defining Unicode char U+0147 (decimal 327)
   defining Unicode char U+0148 (decimal 328)
   defining Unicode char U+014A (decimal 330)
   defining Unicode char U+014B (decimal 331)
   defining Unicode char U+0150 (decimal 336)
   defining Unicode char U+0151 (decimal 337)
   defining Unicode char U+0152 (decimal 338)
   defining Unicode char U+0153 (decimal 339)
   defining Unicode char U+0154 (decimal 340)
   defining Unicode char U+0155 (decimal 341)
   defining Unicode char U+0158 (decimal 344)
   defining Unicode char U+0159 (decimal 345)
   defining Unicode char U+015A (decimal 346)
   defining Unicode char U+015B (decimal 347)
   defining Unicode char U+015E (decimal 350)
   defining Unicode char U+015F (decimal 351)
   defining Unicode char U+0160 (decimal 352)
   defining Unicode char U+0161 (decimal 353)
   defining Unicode char U+0162 (decimal 354)
   defining Unicode char U+0163 (decimal 355)
   defining Unicode char U+0164 (decimal 356)
   defining Unicode char U+0165 (decimal 357)
   defining Unicode char U+016E (decimal 366)
   defining Unicode char U+016F (decimal 367)
   defining Unicode char U+0170 (decimal 368)
   defining Unicode char U+0171 (decimal 369)
   defining Unicode char U+0178 (decimal 376)
   defining Unicode char U+0179 (decimal 377)
   defining Unicode char U+017A (decimal 378)
   defining Unicode char U+017B (decimal 379)
   defining Unicode char U+017C (decimal 380)
   defining Unicode char U+017D (decimal 381)
   defining Unicode char U+017E (decimal 382)
   defining Unicode char U+200C (decimal 8204)
   defining Unicode char U+2013 (decimal 8211)
   defining Unicode char U+2014 (decimal 8212)
   defining Unicode char U+2018 (decimal 8216)
   defining Unicode char U+2019 (decimal 8217)
   defining Unicode char U+201A (decimal 8218)
   defining Unicode char U+201C (decimal 8220)
   defining Unicode char U+201D (decimal 8221)
   defining Unicode char U+201E (decimal 8222)
   defining Unicode char U+2030 (decimal 8240)
   defining Unicode char U+2031 (decimal 8241)
   defining Unicode char U+2039 (decimal 8249)
   defining Unicode char U+203A (decimal 8250)
   defining Unicode char U+2423 (decimal 9251)
)
Now handling font encoding OT1 ...
... processing UTF-8 mapping file for font encoding OT1

(/usr/local/texlive/2012/texmf-dist/tex/latex/base/ot1enc.dfu
File: ot1enc.dfu 2008/04/05 v1.1m UTF-8 support for inputenc
   defining Unicode char U+00A1 (decimal 161)
   defining Unicode char U+00A3 (decimal 163)
   defining Unicode char U+00B8 (decimal 184)
   defining Unicode char U+00BF (decimal 191)
   defining Unicode char U+00C5 (decimal 197)
   defining Unicode char U+00C6 (decimal 198)
   defining Unicode char U+00D8 (decimal 216)
   defining Unicode char U+00DF (decimal 223)
   defining Unicode char U+00E6 (decimal 230)
   defining Unicode char U+00EC (decimal 236)
   defining Unicode char U+00ED (decimal 237)
   defining Unicode char U+00EE (decimal 238)
   defining Unicode char U+00EF (decimal 239)
   defining Unicode char U+00F8 (decimal 248)
   defining Unicode char U+0131 (decimal 305)
   defining Unicode char U+0141 (decimal 321)
   defining Unicode char U+0142 (decimal 322)
   defining Unicode char U+0152 (decimal 338)
   defining Unicode char U+0153 (decimal 339)
   defining Unicode char U+2013 (decimal 8211)
   defining Unicode char U+2014 (decimal 8212)
   defining Unicode char U+2018 (decimal 8216)
   defining Unicode char U+2019 (decimal 8217)
   defining Unicode char U+201C (decimal 8220)
   defining Unicode char U+201D (decimal 8221)
)
Now handling font encoding OMS ...
... processing UTF-8 mapping file for font encoding OMS

(/usr/local/texlive/2012/texmf-dist/tex/latex/base/omsenc.dfu
File: omsenc.dfu 2008/04/05 v1.1m UTF-8 support for inputenc
   defining Unicode char U+00A7 (decimal 167)
   defining Unicode char U+00B6 (decimal 182)
   defining Unicode char U+00B7 (decimal 183)
   defining Unicode char U+2020 (decimal 8224)
   defining Unicode char U+2021 (decimal 8225)
   defining Unicode char U+2022 (decimal 8226)
)
Now handling font encoding OMX ...
... no UTF-8 mapping file for font encoding OMX
Now handling font encoding U ...
... no UTF-8 mapping file for font encoding U
   defining Unicode char U+00A9 (decimal 169)
   defining Unicode char U+00AA (decimal 170)
   defining Unicode char U+00AE (decimal 174)
   defining Unicode char U+00BA (decimal 186)
   defining Unicode char U+02C6 (decimal 710)
   defining Unicode char U+02DC (decimal 732)
   defining Unicode char U+200C (decimal 8204)
   defining Unicode char U+2026 (decimal 8230)
   defining Unicode char U+2122 (decimal 8482)
   defining Unicode char U+2423 (decimal 9251)
))
   defining Unicode char U+00A0 (decimal 160)

(/usr/local/texlive/2012/texmf-dist/tex/latex/base/fontenc.sty
Package: fontenc 2005/09/27 v1.99g Standard LaTeX package

(/usr/local/texlive/2012/texmf-dist/tex/latex/base/t1enc.def
File: t1enc.def 2005/09/27 v1.99g Standard LaTeX file
LaTeX Font Info:    Redeclaring font encoding T1 on input line 43.
))
(/usr/local/texlive/2012/texmf-dist/tex/generic/babel/babel.sty
Package: babel 2008/07/08 v3.8m The Babel package

(/usr/local/texlive/2012/texmf-dist/tex/generic/babel/english.ldf
Language: english 2005/03/30 v3.3o English support from the babel system

(/usr/local/texlive/2012/texmf-dist/tex/generic/babel/babel.def
File: babel.def 2008/07/08 v3.8m Babel common definitions
\babel@savecnt=\count88
\U@D=\dimen103
)
\l@canadian = a dialect from \language\l@american 
\l@australian = a dialect from \language\l@british 
\l@newzealand = a dialect from \language\l@british 
))
(/usr/local/texlive/2012/texmf-dist/tex/latex/psnfss/times.sty
Package: times 2005/04/12 PSNFSS-v9.2a (SPQR) 
) (./fncychap.sty
Package: fncychap 2007/07/30 v1.34 LaTeX package (Revised chapters)
\RW=\skip43
\mylen=\skip44
\myhi=\skip45
\px=\skip46
\py=\skip47
\pyy=\skip48
\pxx=\skip49
) (/usr/local/texlive/2012/texmf-dist/tex/latex/tools/longtable.sty
Package: longtable 2004/02/01 v4.11 Multi-page Table package (DPC)
\LTleft=\skip50
\LTright=\skip51
\LTpre=\skip52
\LTpost=\skip53
\LTchunksize=\count89
\LTcapwidth=\dimen104
\LT@head=\box26
\LT@firsthead=\box27
\LT@foot=\box28
\LT@lastfoot=\box29
\LT@cols=\count90
\LT@rows=\count91
\c@LT@tables=\count92
\c@LT@chunks=\count93
\LT@p@ftn=\toks16
)
(./sphinx.sty
Package: sphinx 2010/01/15 LaTeX package (Sphinx markup)
 (/usr/local/texlive/2012/texmf-dist/tex/latex/base/textcomp.sty
Package: textcomp 2005/09/27 v1.99g Standard LaTeX package
Package textcomp Info: Sub-encoding information:
(textcomp)               5 = only ISO-Adobe without \textcurrency
(textcomp)               4 = 5 + \texteuro
(textcomp)               3 = 4 + \textohm
(textcomp)               2 = 3 + \textestimated + \textcurrency
(textcomp)               1 = TS1 - \textcircled - \t
(textcomp)               0 = TS1 (full)
(textcomp)             Font families with sub-encoding setting implement
(textcomp)             only a restricted character set as indicated.
(textcomp)             Family '?' is the default used for unknown fonts.
(textcomp)             See the documentation for details.
Package textcomp Info: Setting ? sub-encoding to TS1/1 on input line 71.

(/usr/local/texlive/2012/texmf-dist/tex/latex/base/ts1enc.def
File: ts1enc.def 2001/06/05 v3.0e (jk/car/fm) Standard LaTeX file
Now handling font encoding TS1 ...
... processing UTF-8 mapping file for font encoding TS1

(/usr/local/texlive/2012/texmf-dist/tex/latex/base/ts1enc.dfu
File: ts1enc.dfu 2008/04/05 v1.1m UTF-8 support for inputenc
   defining Unicode char U+00A2 (decimal 162)
   defining Unicode char U+00A3 (decimal 163)
   defining Unicode char U+00A4 (decimal 164)
   defining Unicode char U+00A5 (decimal 165)
   defining Unicode char U+00A6 (decimal 166)
   defining Unicode char U+00A7 (decimal 167)
   defining Unicode char U+00A8 (decimal 168)
   defining Unicode char U+00A9 (decimal 169)
   defining Unicode char U+00AA (decimal 170)
   defining Unicode char U+00AC (decimal 172)
   defining Unicode char U+00AE (decimal 174)
   defining Unicode char U+00AF (decimal 175)
   defining Unicode char U+00B0 (decimal 176)
   defining Unicode char U+00B1 (decimal 177)
   defining Unicode char U+00B2 (decimal 178)
   defining Unicode char U+00B3 (decimal 179)
   defining Unicode char U+00B4 (decimal 180)
   defining Unicode char U+00B5 (decimal 181)
   defining Unicode char U+00B6 (decimal 182)
   defining Unicode char U+00B7 (decimal 183)
   defining Unicode char U+00B9 (decimal 185)
   defining Unicode char U+00BA (decimal 186)
   defining Unicode char U+00BC (decimal 188)
   defining Unicode char U+00BD (decimal 189)
   defining Unicode char U+00BE (decimal 190)
   defining Unicode char U+00D7 (decimal 215)
   defining Unicode char U+00F7 (decimal 247)
   defining Unicode char U+0192 (decimal 402)
   defining Unicode char U+02C7 (decimal 711)
   defining Unicode char U+02D8 (decimal 728)
   defining Unicode char U+02DD (decimal 733)
   defining Unicode char U+0E3F (decimal 3647)
   defining Unicode char U+2016 (decimal 8214)
   defining Unicode char U+2020 (decimal 8224)
   defining Unicode char U+2021 (decimal 8225)
   defining Unicode char U+2022 (decimal 8226)
   defining Unicode char U+2030 (decimal 8240)
   defining Unicode char U+2031 (decimal 8241)
   defining Unicode char U+203B (decimal 8251)
   defining Unicode char U+203D (decimal 8253)
   defining Unicode char U+2044 (decimal 8260)
   defining Unicode char U+204E (decimal 8270)
   defining Unicode char U+2052 (decimal 8274)
   defining Unicode char U+20A1 (decimal 8353)
   defining Unicode char U+20A4 (decimal 8356)
   defining Unicode char U+20A6 (decimal 8358)
   defining Unicode char U+20A9 (decimal 8361)
   defining Unicode char U+20AB (decimal 8363)
   defining Unicode char U+20AC (decimal 8364)
   defining Unicode char U+20B1 (decimal 8369)
   defining Unicode char U+2103 (decimal 8451)
   defining Unicode char U+2116 (decimal 8470)
   defining Unicode char U+2117 (decimal 8471)
   defining Unicode char U+211E (decimal 8478)
   defining Unicode char U+2120 (decimal 8480)
   defining Unicode char U+2122 (decimal 8482)
   defining Unicode char U+2126 (decimal 8486)
   defining Unicode char U+2127 (decimal 8487)
   defining Unicode char U+212E (decimal 8494)
   defining Unicode char U+2190 (decimal 8592)
   defining Unicode char U+2191 (decimal 8593)
   defining Unicode char U+2192 (decimal 8594)
   defining Unicode char U+2193 (decimal 8595)
   defining Unicode char U+2329 (decimal 9001)
   defining Unicode char U+232A (decimal 9002)
   defining Unicode char U+2422 (decimal 9250)
   defining Unicode char U+25E6 (decimal 9702)
   defining Unicode char U+25EF (decimal 9711)
   defining Unicode char U+266A (decimal 9834)
))
LaTeX Info: Redefining \oldstylenums on input line 266.
Package textcomp Info: Setting cmr sub-encoding to TS1/0 on input line 281.
Package textcomp Info: Setting cmss sub-encoding to TS1/0 on input line 282.
Package textcomp Info: Setting cmtt sub-encoding to TS1/0 on input line 283.
Package textcomp Info: Setting cmvtt sub-encoding to TS1/0 on input line 284.
Package textcomp Info: Setting cmbr sub-encoding to TS1/0 on input line 285.
Package textcomp Info: Setting cmtl sub-encoding to TS1/0 on input line 286.
Package textcomp Info: Setting ccr sub-encoding to TS1/0 on input line 287.
Package textcomp Info: Setting ptm sub-encoding to TS1/4 on input line 288.
Package textcomp Info: Setting pcr sub-encoding to TS1/4 on input line 289.
Package textcomp Info: Setting phv sub-encoding to TS1/4 on input line 290.
Package textcomp Info: Setting ppl sub-encoding to TS1/3 on input line 291.
Package textcomp Info: Setting pag sub-encoding to TS1/4 on input line 292.
Package textcomp Info: Setting pbk sub-encoding to TS1/4 on input line 293.
Package textcomp Info: Setting pnc sub-encoding to TS1/4 on input line 294.
Package textcomp Info: Setting pzc sub-encoding to TS1/4 on input line 295.
Package textcomp Info: Setting bch sub-encoding to TS1/4 on input line 296.
Package textcomp Info: Setting put sub-encoding to TS1/5 on input line 297.
Package textcomp Info: Setting uag sub-encoding to TS1/5 on input line 298.
Package textcomp Info: Setting ugq sub-encoding to TS1/5 on input line 299.
Package textcomp Info: Setting ul8 sub-encoding to TS1/4 on input line 300.
Package textcomp Info: Setting ul9 sub-encoding to TS1/4 on input line 301.
Package textcomp Info: Setting augie sub-encoding to TS1/5 on input line 302.
Package textcomp Info: Setting dayrom sub-encoding to TS1/3 on input line 303.
Package textcomp Info: Setting dayroms sub-encoding to TS1/3 on input line 304.

Package textcomp Info: Setting pxr sub-encoding to TS1/0 on input line 305.
Package textcomp Info: Setting pxss sub-encoding to TS1/0 on input line 306.
Package textcomp Info: Setting pxtt sub-encoding to TS1/0 on input line 307.
Package textcomp Info: Setting txr sub-encoding to TS1/0 on input line 308.
Package textcomp Info: Setting txss sub-encoding to TS1/0 on input line 309.
Package textcomp Info: Setting txtt sub-encoding to TS1/0 on input line 310.
Package textcomp Info: Setting lmr sub-encoding to TS1/0 on input line 311.
Package textcomp Info: Setting lmdh sub-encoding to TS1/0 on input line 312.
Package textcomp Info: Setting lmss sub-encoding to TS1/0 on input line 313.
Package textcomp Info: Setting lmssq sub-encoding to TS1/0 on input line 314.
Package textcomp Info: Setting lmvtt sub-encoding to TS1/0 on input line 315.
Package textcomp Info: Setting qhv sub-encoding to TS1/0 on input line 316.
Package textcomp Info: Setting qag sub-encoding to TS1/0 on input line 317.
Package textcomp Info: Setting qbk sub-encoding to TS1/0 on input line 318.
Package textcomp Info: Setting qcr sub-encoding to TS1/0 on input line 319.
Package textcomp Info: Setting qcs sub-encoding to TS1/0 on input line 320.
Package textcomp Info: Setting qpl sub-encoding to TS1/0 on input line 321.
Package textcomp Info: Setting qtm sub-encoding to TS1/0 on input line 322.
Package textcomp Info: Setting qzc sub-encoding to TS1/0 on input line 323.
Package textcomp Info: Setting qhvc sub-encoding to TS1/0 on input line 324.
Package textcomp Info: Setting futs sub-encoding to TS1/4 on input line 325.
Package textcomp Info: Setting futx sub-encoding to TS1/4 on input line 326.
Package textcomp Info: Setting futj sub-encoding to TS1/4 on input line 327.
Package textcomp Info: Setting hlh sub-encoding to TS1/3 on input line 328.
Package textcomp Info: Setting hls sub-encoding to TS1/3 on input line 329.
Package textcomp Info: Setting hlst sub-encoding to TS1/3 on input line 330.
Package textcomp Info: Setting hlct sub-encoding to TS1/5 on input line 331.
Package textcomp Info: Setting hlx sub-encoding to TS1/5 on input line 332.
Package textcomp Info: Setting hlce sub-encoding to TS1/5 on input line 333.
Package textcomp Info: Setting hlcn sub-encoding to TS1/5 on input line 334.
Package textcomp Info: Setting hlcw sub-encoding to TS1/5 on input line 335.
Package textcomp Info: Setting hlcf sub-encoding to TS1/5 on input line 336.
Package textcomp Info: Setting pplx sub-encoding to TS1/3 on input line 337.
Package textcomp Info: Setting pplj sub-encoding to TS1/3 on input line 338.
Package textcomp Info: Setting ptmx sub-encoding to TS1/4 on input line 339.
Package textcomp Info: Setting ptmj sub-encoding to TS1/4 on input line 340.
)
(/usr/local/texlive/2012/texmf-dist/tex/latex/fancyhdr/fancyhdr.sty
\fancy@headwidth=\skip54
\f@ncyO@elh=\skip55
\f@ncyO@erh=\skip56
\f@ncyO@olh=\skip57
\f@ncyO@orh=\skip58
\f@ncyO@elf=\skip59
\f@ncyO@erf=\skip60
\f@ncyO@olf=\skip61
\f@ncyO@orf=\skip62
)
(/usr/local/texlive/2012/texmf-dist/tex/latex/fancybox/fancybox.sty
Package: fancybox 2010/05/15 1.4

Style option: `fancybox' v1.4 <2010/05/15> (tvz)
\@fancybox=\box30
\shadowsize=\dimen105
\@Sbox=\box31
\do@VerbBox=\toks17
\the@fancyput=\toks18
\this@fancyput=\toks19
\EndVerbatimTokens=\toks20
\Verbatim@Outfile=\write3
\Verbatim@Infile=\read1
) (/usr/local/texlive/2012/texmf-dist/tex/latex/titlesec/titlesec.sty
Package: titlesec 2011/12/15 v2.10.0 Sectioning titles
\ttl@box=\box32
\beforetitleunit=\skip63
\aftertitleunit=\skip64
\ttl@plus=\dimen106
\ttl@minus=\dimen107
\ttl@toksa=\toks21
\titlewidth=\dimen108
\titlewidthlast=\dimen109
\titlewidthfirst=\dimen110
)
(./tabulary.sty
Package: tabulary 2007/10/02 v0.9 tabulary package (DPC)
 (/usr/local/texlive/2012/texmf-dist/tex/latex/tools/array.sty
Package: array 2008/09/09 v2.4c Tabular extension package (FMi)
\col@sep=\dimen111
\extrarowheight=\dimen112
\NC@list=\toks22
\extratabsurround=\skip65
\backup@length=\skip66
)
\TY@count=\count94
\TY@linewidth=\dimen113
\tymin=\dimen114
\tymax=\dimen115
\TY@tablewidth=\dimen116
) (/usr/local/texlive/2012/texmf-dist/tex/latex/amsmath/amsmath.sty
Package: amsmath 2013/01/14 v2.14 AMS math features
\@mathmargin=\skip67

For additional information on amsmath, use the `?' option.
(/usr/local/texlive/2012/texmf-dist/tex/latex/amsmath/amstext.sty
Package: amstext 2000/06/29 v2.01

(/usr/local/texlive/2012/texmf-dist/tex/latex/amsmath/amsgen.sty
File: amsgen.sty 1999/11/30 v2.0
\@emptytoks=\toks23
\ex@=\dimen117
))
(/usr/local/texlive/2012/texmf-dist/tex/latex/amsmath/amsbsy.sty
Package: amsbsy 1999/11/29 v1.2d
\pmbraise@=\dimen118
)
(/usr/local/texlive/2012/texmf-dist/tex/latex/amsmath/amsopn.sty
Package: amsopn 1999/12/14 v2.01 operator names
)
\inf@bad=\count95
LaTeX Info: Redefining \frac on input line 210.
\uproot@=\count96
\leftroot@=\count97
LaTeX Info: Redefining \overline on input line 306.
\classnum@=\count98
\DOTSCASE@=\count99
LaTeX Info: Redefining \ldots on input line 378.
LaTeX Info: Redefining \dots on input line 381.
LaTeX Info: Redefining \cdots on input line 466.
\Mathstrutbox@=\box33
\strutbox@=\box34
\big@size=\dimen119
LaTeX Font Info:    Redeclaring font encoding OML on input line 566.
LaTeX Font Info:    Redeclaring font encoding OMS on input line 567.
\macc@depth=\count100
\c@MaxMatrixCols=\count101
\dotsspace@=\muskip10
\c@parentequation=\count102
\dspbrk@lvl=\count103
\tag@help=\toks24
\row@=\count104
\column@=\count105
\maxfields@=\count106
\andhelp@=\toks25
\eqnshift@=\dimen120
\alignsep@=\dimen121
\tagshift@=\dimen122
\tagwidth@=\dimen123
\totwidth@=\dimen124
\lineht@=\dimen125
\@envbody=\toks26
\multlinegap=\skip68
\multlinetaggap=\skip69
\mathdisplay@stack=\toks27
LaTeX Info: Redefining \[ on input line 2665.
LaTeX Info: Redefining \] on input line 2666.
)
(/usr/local/texlive/2012/texmf-dist/tex/latex/base/makeidx.sty
Package: makeidx 2000/03/29 v1.0m Standard LaTeX package
)
(/usr/local/texlive/2012/texmf-dist/tex/latex/framed/framed.sty
Package: framed 2011/10/22 v 0.96: framed or shaded text with page breaks
\OuterFrameSep=\skip70
\fb@frw=\dimen126
\fb@frh=\dimen127
\FrameRule=\dimen128
\FrameSep=\dimen129
)
(/usr/local/texlive/2012/texmf-dist/tex/latex/base/ifthen.sty
Package: ifthen 2001/05/26 v1.1c Standard LaTeX ifthen package (DPC)
)
(/usr/local/texlive/2012/texmf-dist/tex/latex/graphics/color.sty
Package: color 2005/11/14 v1.0j Standard LaTeX Color (DPC)

(/usr/local/texlive/2012/texmf-dist/tex/latex/latexconfig/color.cfg
File: color.cfg 2007/01/18 v1.5 color configuration of teTeX/TeXLive
)
Package color Info: Driver file: pdftex.def on input line 130.

(/usr/local/texlive/2012/texmf-dist/tex/latex/pdftex-def/pdftex.def
File: pdftex.def 2011/05/27 v0.06d Graphics/color for pdfTeX

(/usr/local/texlive/2012/texmf-dist/tex/generic/oberdiek/infwarerr.sty
Package: infwarerr 2010/04/08 v1.3 Providing info/warning/error messages (HO)
)
(/usr/local/texlive/2012/texmf-dist/tex/generic/oberdiek/ltxcmds.sty
Package: ltxcmds 2011/11/09 v1.22 LaTeX kernel commands for general use (HO)
)
\Gread@gobject=\count107
))
(/usr/local/texlive/2012/texmf-dist/tex/latex/fancyvrb/fancyvrb.sty
Package: fancyvrb 2008/02/07

Style option: `fancyvrb' v2.7a, with DG/SPQR fixes, and firstline=lastline fix 
<2008/02/07> (tvz)
(/usr/local/texlive/2012/texmf-dist/tex/latex/graphics/keyval.sty
Package: keyval 1999/03/16 v1.13 key=value parser (DPC)
\KV@toks@=\toks28
)
\FV@CodeLineNo=\count108
\FV@InFile=\read2
\FV@TabBox=\box35
\c@FancyVerbLine=\count109
\FV@StepNumber=\count110
\FV@OutFile=\write4
)
(/usr/local/texlive/2012/texmf-dist/tex/latex/threeparttable/threeparttable.sty
Package: threeparttable 2003/06/13  v 3.0
\@tempboxb=\box36
) (/usr/local/texlive/2012/texmf-dist/tex/latex/mdwtools/footnote.sty
Package: footnote 1997/01/28 1.13 Save footnotes around boxes
\fn@notes=\box37
\fn@width=\dimen130
)
(/usr/local/texlive/2012/texmf-dist/tex/latex/wrapfig/wrapfig.sty
\wrapoverhang=\dimen131
\WF@size=\dimen132
\c@WF@wrappedlines=\count111
\WF@box=\box38
\WF@everypar=\toks29
Package: wrapfig 2003/01/31  v 3.6
)
(/usr/local/texlive/2012/texmf-dist/tex/latex/parskip/parskip.sty
Package: parskip 2001/04/09 non-zero parskip adjustments
)
(/usr/local/texlive/2012/texmf-dist/tex/latex/graphics/graphicx.sty
Package: graphicx 1999/02/16 v1.0f Enhanced LaTeX Graphics (DPC,SPQR)

(/usr/local/texlive/2012/texmf-dist/tex/latex/graphics/graphics.sty
Package: graphics 2009/02/05 v1.0o Standard LaTeX Graphics (DPC,SPQR)

(/usr/local/texlive/2012/texmf-dist/tex/latex/graphics/trig.sty
Package: trig 1999/03/16 v1.09 sin cos tan (DPC)
)
(/usr/local/texlive/2012/texmf-dist/tex/latex/latexconfig/graphics.cfg
File: graphics.cfg 2010/04/23 v1.9 graphics configuration of TeX Live
)
Package graphics Info: Driver file: pdftex.def on input line 91.
)
\Gin@req@height=\dimen133
\Gin@req@width=\dimen134
)
(/usr/local/texlive/2012/texmf-dist/tex/plain/misc/pdfcolor.tex)
\distancetoright=\skip71
\py@argswidth=\skip72
\py@noticelength=\skip73
\lineblockindentation=\skip74
\image@box=\box39
\image@width=\dimen135

(/usr/local/texlive/2012/texmf-dist/tex/latex/hyperref/hyperref.sty
Package: hyperref 2012/11/06 v6.83m Hypertext links for LaTeX

(/usr/local/texlive/2012/texmf-dist/tex/generic/oberdiek/hobsub-hyperref.sty
Package: hobsub-hyperref 2012/05/28 v1.13 Bundle oberdiek, subset hyperref (HO)


(/usr/local/texlive/2012/texmf-dist/tex/generic/oberdiek/hobsub-generic.sty
Package: hobsub-generic 2012/05/28 v1.13 Bundle oberdiek, subset generic (HO)
Package: hobsub 2012/05/28 v1.13 Construct package bundles (HO)
Package hobsub Info: Skipping package `infwarerr' (already loaded).
Package hobsub Info: Skipping package `ltxcmds' (already loaded).
Package: ifluatex 2010/03/01 v1.3 Provides the ifluatex switch (HO)
Package ifluatex Info: LuaTeX not detected.
Package: ifvtex 2010/03/01 v1.5 Detect VTeX and its facilities (HO)
Package ifvtex Info: VTeX not detected.
Package: intcalc 2007/09/27 v1.1 Expandable calculations with integers (HO)
Package: ifpdf 2011/01/30 v2.3 Provides the ifpdf switch (HO)
Package ifpdf Info: pdfTeX in PDF mode is detected.
Package: etexcmds 2011/02/16 v1.5 Avoid name clashes with e-TeX commands (HO)
Package etexcmds Info: Could not find \expanded.
(etexcmds)             That can mean that you are not using pdfTeX 1.50 or
(etexcmds)             that some package has redefined \expanded.
(etexcmds)             In the latter case, load this package earlier.
Package: kvsetkeys 2012/04/25 v1.16 Key value parser (HO)
Package: kvdefinekeys 2011/04/07 v1.3 Define keys (HO)
Package: pdftexcmds 2011/11/29 v0.20 Utility functions of pdfTeX for LuaTeX (HO
)
Package pdftexcmds Info: LuaTeX not detected.
Package pdftexcmds Info: \pdf@primitive is available.
Package pdftexcmds Info: \pdf@ifprimitive is available.
Package pdftexcmds Info: \pdfdraftmode found.
Package: pdfescape 2011/11/25 v1.13 Implements pdfTeX's escape features (HO)
Package: bigintcalc 2012/04/08 v1.3 Expandable calculations on big integers (HO
)
Package: bitset 2011/01/30 v1.1 Handle bit-vector datatype (HO)
Package: uniquecounter 2011/01/30 v1.2 Provide unlimited unique counter (HO)
)
Package hobsub Info: Skipping package `hobsub' (already loaded).
Package: letltxmacro 2010/09/02 v1.4 Let assignment for LaTeX macros (HO)
Package: hopatch 2012/05/28 v1.2 Wrapper for package hooks (HO)
Package: xcolor-patch 2011/01/30 xcolor patch
Package: atveryend 2011/06/30 v1.8 Hooks at the very end of document (HO)
Package atveryend Info: \enddocument detected (standard20110627).
Package: atbegshi 2011/10/05 v1.16 At begin shipout hook (HO)
Package: refcount 2011/10/16 v3.4 Data extraction from label references (HO)
Package: hycolor 2011/01/30 v1.7 Color options for hyperref/bookmark (HO)
)
(/usr/local/texlive/2012/texmf-dist/tex/generic/ifxetex/ifxetex.sty
Package: ifxetex 2010/09/12 v0.6 Provides ifxetex conditional
)
(/usr/local/texlive/2012/texmf-dist/tex/latex/oberdiek/auxhook.sty
Package: auxhook 2011/03/04 v1.3 Hooks for auxiliary files (HO)
)
(/usr/local/texlive/2012/texmf-dist/tex/latex/oberdiek/kvoptions.sty
Package: kvoptions 2011/06/30 v3.11 Key value format for package options (HO)
)
\@linkdim=\dimen136
\Hy@linkcounter=\count112
\Hy@pagecounter=\count113

(/usr/local/texlive/2012/texmf-dist/tex/latex/hyperref/pd1enc.def
File: pd1enc.def 2012/11/06 v6.83m Hyperref: PDFDocEncoding definition (HO)
Now handling font encoding PD1 ...
... no UTF-8 mapping file for font encoding PD1
)
\Hy@SavedSpaceFactor=\count114

(/usr/local/texlive/2012/texmf-dist/tex/latex/latexconfig/hyperref.cfg
File: hyperref.cfg 2002/06/06 v1.2 hyperref configuration of TeXLive
)
Package hyperref Info: Option `colorlinks' set `true' on input line 4319.
Package hyperref Info: Option `breaklinks' set `true' on input line 4319.
Package hyperref Info: Hyper figures OFF on input line 4443.
Package hyperref Info: Link nesting OFF on input line 4448.
Package hyperref Info: Hyper index ON on input line 4451.
Package hyperref Info: Plain pages OFF on input line 4458.
Package hyperref Info: Backreferencing OFF on input line 4463.
Package hyperref Info: Implicit mode ON; LaTeX internals redefined.
Package hyperref Info: Bookmarks ON on input line 4688.
\c@Hy@tempcnt=\count115

(/usr/local/texlive/2012/texmf-dist/tex/latex/url/url.sty
\Urlmuskip=\muskip11
Package: url 2006/04/12  ver 3.3  Verb mode for urls, etc.
)
LaTeX Info: Redefining \url on input line 5041.
\XeTeXLinkMargin=\dimen137
\Fld@menulength=\count116
\Field@Width=\dimen138
\Fld@charsize=\dimen139
Package hyperref Info: Hyper figures OFF on input line 6295.
Package hyperref Info: Link nesting OFF on input line 6300.
Package hyperref Info: Hyper index ON on input line 6303.
Package hyperref Info: backreferencing OFF on input line 6310.
Package hyperref Info: Link coloring ON on input line 6313.
Package hyperref Info: Link coloring with OCG OFF on input line 6320.
Package hyperref Info: PDF/A mode OFF on input line 6325.
LaTeX Info: Redefining \ref on input line 6365.
LaTeX Info: Redefining \pageref on input line 6369.
\Hy@abspage=\count117
\c@Item=\count118
\c@Hfootnote=\count119
)

Package hyperref Message: Driver (autodetected): hpdftex.

(/usr/local/texlive/2012/texmf-dist/tex/latex/hyperref/hpdftex.def
File: hpdftex.def 2012/11/06 v6.83m Hyperref driver for pdfTeX
\Fld@listcount=\count120
\c@bookmark@seq@number=\count121

(/usr/local/texlive/2012/texmf-dist/tex/latex/oberdiek/rerunfilecheck.sty
Package: rerunfilecheck 2011/04/15 v1.7 Rerun checks for auxiliary files (HO)
Package uniquecounter Info: New unique counter `rerunfilecheck' on input line 2
82.
)
\Hy@SectionHShift=\skip75
)
(/usr/local/texlive/2012/texmf-dist/tex/latex/oberdiek/hypcap.sty
Package: hypcap 2011/02/16 v1.11 Adjusting the anchors of captions (HO)
)
\DUlineblockindent=\skip76
)
(/usr/local/texlive/2012/texmf-dist/tex/latex/multirow/multirow.sty
\bigstrutjot=\dimen140
)
\@indexfile=\write5
\openout5 = `VIS.idx'.


Writing index file VIS.idx
(./VIS.aux)
\openout1 = `VIS.aux'.

LaTeX Font Info:    Checking defaults for OML/cmm/m/it on input line 116.
LaTeX Font Info:    ... okay on input line 116.
LaTeX Font Info:    Checking defaults for T1/cmr/m/n on input line 116.
LaTeX Font Info:    ... okay on input line 116.
LaTeX Font Info:    Checking defaults for OT1/cmr/m/n on input line 116.
LaTeX Font Info:    ... okay on input line 116.
LaTeX Font Info:    Checking defaults for OMS/cmsy/m/n on input line 116.
LaTeX Font Info:    ... okay on input line 116.
LaTeX Font Info:    Checking defaults for OMX/cmex/m/n on input line 116.
LaTeX Font Info:    ... okay on input line 116.
LaTeX Font Info:    Checking defaults for U/cmr/m/n on input line 116.
LaTeX Font Info:    ... okay on input line 116.
LaTeX Font Info:    Checking defaults for TS1/cmr/m/n on input line 116.
LaTeX Font Info:    Try loading font information for TS1+cmr on input line 116.

 (/usr/local/texlive/2012/texmf-dist/tex/latex/base/ts1cmr.fd
File: ts1cmr.fd 1999/05/25 v2.5h Standard LaTeX font definitions
)
LaTeX Font Info:    ... okay on input line 116.
LaTeX Font Info:    Checking defaults for PD1/pdf/m/n on input line 116.
LaTeX Font Info:    ... okay on input line 116.
LaTeX Font Info:    Try loading font information for T1+ptm on input line 116.

(/usr/local/texlive/2012/texmf-dist/tex/latex/psnfss/t1ptm.fd
File: t1ptm.fd 2001/06/04 font definitions for T1/ptm.
)
(/usr/local/texlive/2012/texmf-dist/tex/context/base/supp-pdf.mkii
[Loading MPS to PDF converter (version 2006.09.02).]
\scratchcounter=\count122
\scratchdimen=\dimen141
\scratchbox=\box40
\nofMPsegments=\count123
\nofMParguments=\count124
\everyMPshowfont=\toks30
\MPscratchCnt=\count125
\MPscratchDim=\dimen142
\MPnumerator=\count126
\makeMPintoPDFobject=\count127
\everyMPtoPDFconversion=\toks31
) (/usr/local/texlive/2012/texmf-dist/tex/latex/oberdiek/epstopdf-base.sty
Package: epstopdf-base 2010/02/09 v2.5 Base part for package epstopdf

(/usr/local/texlive/2012/texmf-dist/tex/latex/oberdiek/grfext.sty
Package: grfext 2010/08/19 v1.1 Manage graphics extensions (HO)
)
Package grfext Info: Graphics extension search list:
(grfext)             [.png,.pdf,.jpg,.mps,.jpeg,.jbig2,.jb2,.PNG,.PDF,.JPG,.JPE
G,.JBIG2,.JB2,.eps]
(grfext)             \AppendGraphicsExtensions on input line 452.

(/usr/local/texlive/2012/texmf-dist/tex/latex/latexconfig/epstopdf-sys.cfg
File: epstopdf-sys.cfg 2010/07/13 v1.3 Configuration of (r)epstopdf for TeX Liv
e
))
\AtBeginShipoutBox=\box41
Package hyperref Info: Link coloring ON on input line 116.

(/usr/local/texlive/2012/texmf-dist/tex/latex/hyperref/nameref.sty
Package: nameref 2012/10/27 v2.43 Cross-referencing by name of section

(/usr/local/texlive/2012/texmf-dist/tex/generic/oberdiek/gettitlestring.sty
Package: gettitlestring 2010/12/03 v1.4 Cleanup title references (HO)
)
\c@section@level=\count128
)
LaTeX Info: Redefining \ref on input line 116.
LaTeX Info: Redefining \pageref on input line 116.
LaTeX Info: Redefining \nameref on input line 116.

(./VIS.out) (./VIS.out)
\@outlinefile=\write6
\openout6 = `VIS.out'.


Underfull \hbox (badness 10000) in paragraph at lines 119--119

 []

LaTeX Font Info:    Try loading font information for T1+phv on input line 119.
(/usr/local/texlive/2012/texmf-dist/tex/latex/psnfss/t1phv.fd
File: t1phv.fd 2001/06/04 scalable font definitions for T1/phv.
)
LaTeX Font Info:    Font shape `T1/phv/bx/n' in size <24.88> not available
(Font)              Font shape `T1/phv/b/n' tried instead on input line 119.
LaTeX Font Info:    Font shape `T1/phv/m/it' in size <17.28> not available
(Font)              Font shape `T1/phv/m/sl' tried instead on input line 119.
LaTeX Font Info:    Font shape `T1/phv/bx/it' in size <17.28> not available
(Font)              Font shape `T1/phv/b/it' tried instead on input line 119.
LaTeX Font Info:    Font shape `T1/phv/b/it' in size <17.28> not available
(Font)              Font shape `T1/phv/b/sl' tried instead on input line 119.
LaTeX Font Info:    Font shape `T1/phv/bx/n' in size <17.28> not available
(Font)              Font shape `T1/phv/b/n' tried instead on input line 119.
 [1

{/usr/local/texlive/2012/texmf-var/fonts/map/pdftex/updmap/pdftex.map}] [2

] (./VIS.toc
LaTeX Font Info:    Font shape `T1/ptm/bx/n' in size <10.95> not available
(Font)              Font shape `T1/ptm/b/n' tried instead on input line 2.
LaTeX Font Info:    Font shape `T1/phv/bx/n' in size <10.95> not available
(Font)              Font shape `T1/phv/b/n' tried instead on input line 32.
pdfTeX warning (ext4): destination with the same identifier (name{page.i}) has 
been already used, duplicate ignored
<to be read again> 
                   \relax 
l.32 ....1}Bias Calibration}{36}{subsection.6.2.1}
                                                   [1

])
\tf@toc=\write7
\openout7 = `VIS.toc'.

pdfTeX warning (ext4): destination with the same identifier (name{page.ii}) has
 been already used, duplicate ignored
<to be read again> 
                   \relax 
l.119 \tableofcontents
                       [2]

Package Fancyhdr Warning: \headheight is too small (12.0pt): 
 Make it at least 13.59999pt.
 We now make it that large for the rest of the document.
 This may cause the page layout to be inconsistent, however.

[1

] [2

]
Chapter 1.
LaTeX Font Info:    Font shape `T1/phv/bx/n' in size <14.4> not available
(Font)              Font shape `T1/phv/b/n' tried instead on input line 151.
LaTeX Font Info:    Try loading font information for T1+pcr on input line 160.
(/usr/local/texlive/2012/texmf-dist/tex/latex/psnfss/t1pcr.fd
File: t1pcr.fd 2001/06/04 font definitions for T1/pcr.
) [3] [4

]
Chapter 2.
LaTeX Font Info:    Font shape `T1/pcr/bx/n' in size <10.95> not available
(Font)              Font shape `T1/pcr/b/n' tried instead on input line 206.
[5]
Underfull \hbox (badness 10000) in paragraph at lines 238--238
\T1/ptm/m/it/10.95 pli-tude\T1/ptm/m/n/10.95 ,
 []


Overfull \hbox (10.30403pt too wide) in paragraph at lines 238--238
\T1/ptm/m/it/10.95 phase=0.49\T1/ptm/m/n/10.95 ,
 []


Overfull \hbox (5.62823pt too wide) in paragraph at lines 238--238
\T1/ptm/m/it/10.95 multi=1.5\T1/pcr/m/n/10.95 ) 
 []

LaTeX Font Info:    Try loading font information for TS1+ptm on input line 243.

(/usr/local/texlive/2012/texmf-dist/tex/latex/psnfss/ts1ptm.fd
File: ts1ptm.fd 2001/06/04 font definitions for TS1/ptm.
) [6]
Overfull \hbox (71.90225pt too wide) in paragraph at lines 361--369
[]\T1/ptm/m/n/10.95 Some links: [][]http://www.dspguide.com/CH25.PDF[][] [][]ht
tp://home.fnal.gov/~neilsen/notebook/astroPSF/astroPSF.html#sec-
 []


Underfull \hbox (badness 10000) in paragraph at lines 361--369
\T1/ptm/m/n/10.95 5[][] [][]http://mathworld.wolfram.com/FourierTransformGaussi
an.html[][] [][]https://github.com/GalSim-
 []


Overfull \hbox (2.26117pt too wide) in paragraph at lines 361--369
\T1/ptm/m/n/10.95 developers/GalSim/wiki/Optics-Module-usage[][] [][]http://www
.e2v.com/e2v/assets/File/documents/imaging-
 []

[7] [8]
LaTeX Font Info:    Font shape `T1/phv/bx/n' in size <12> not available
(Font)              Font shape `T1/phv/b/n' tried instead on input line 586.
 [9]
Underfull \hbox (badness 10000) in paragraph at lines 627--627
[]\T1/ptm/m/it/10.95 values\T1/ptm/m/n/10.95 , \T1/ptm/m/it/10.95 work_queue\T1
/ptm/m/n/10.95 , \T1/ptm/m/it/10.95 re-
 []


Overfull \hbox (79.49942pt too wide) in paragraph at lines 671--673
[]\T1/ptm/m/n/10.95 sout = cdm03(sinp,iflip,jflip,dob,rdose,in_nt,in_sigma,in_t
r,[xdim,ydim,zdim]) 
 []

[10] [11] [12] [13] [14]
Chapter 3.
[15

]
Underfull \hbox (badness 10000) in paragraph at lines 1226--1226
[]\T1/ptm/m/it/10.95 info\T1/ptm/m/n/10.95 , \T1/ptm/m/it/10.95 ex-p-time=565.0
\T1/ptm/m/n/10.95 , \T1/ptm/m/it/10.95 ex-po-sures=1\T1/ptm/m/n/10.95 , \T1/ptm
/m/it/10.95 dig-i-noise=False\T1/ptm/m/n/10.95 ,
 []


Underfull \hbox (badness 10000) in paragraph at lines 1261--1261
[]\T1/ptm/m/it/10.95 info\T1/ptm/m/n/10.95 , \T1/ptm/m/it/10.95 mag-ni-tude\T1/
ptm/m/n/10.95 , \T1/ptm/m/it/10.95 snr=10.0\T1/ptm/m/n/10.95 , \T1/ptm/m/it/10.
95 ex-po-sures=3\T1/ptm/m/n/10.95 , \T1/ptm/m/it/10.95 fudge=0.7\T1/ptm/m/n/10.
95 ,
 []


Underfull \hbox (badness 6141) in paragraph at lines 1303--1303
[]\T1/ptm/m/it/10.95 info\T1/ptm/m/n/10.95 , \T1/ptm/m/it/10.95 exp=565\T1/ptm/
m/n/10.95 , \T1/ptm/m/it/10.95 snr=10.0\T1/ptm/m/n/10.95 , \T1/ptm/m/it/10.95 e
x-po-sures=3\T1/ptm/m/n/10.95 , \T1/ptm/m/it/10.95 fudge=0.7\T1/ptm/m/n/10.95 ,

 []

[16] [17] [18

]
Chapter 4.

Overfull \hbox (49.32982pt too wide) in paragraph at lines 1386--1386
[]\T1/ptm/m/it/10.95 cpdf\T1/ptm/m/n/10.95 ,
 []


Overfull \hbox (35.33585pt too wide) in paragraph at lines 1386--1386
\T1/ptm/m/it/10.95 x\T1/ptm/m/n/10.95 ,
 []


Overfull \hbox (50.23877pt too wide) in paragraph at lines 1386--1386
\T1/ptm/m/it/10.95 num-
 []


Overfull \hbox (49.15459pt too wide) in paragraph at lines 1386--1386
\T1/ptm/m/it/10.95 ber\T1/pcr/m/n/10.95 ) 
 []

[19]
Underfull \hbox (badness 10000) in paragraph at lines 1454--1454
[]\T1/ptm/m/it/10.95 stars=400\T1/ptm/m/n/10.95 , \T1/ptm/m/it/10.95 xmax=2048\
T1/ptm/m/n/10.95 ,
 []


Underfull \hbox (badness 10000) in paragraph at lines 1462--1462
[]\T1/ptm/m/it/10.95 stars=400\T1/ptm/m/n/10.95 ,
 []


Underfull \hbox (badness 10000) in paragraph at lines 1462--1462
\T1/ptm/m/it/10.95 xmax=2048\T1/ptm/m/n/10.95 ,
 []


Underfull \hbox (badness 10000) in paragraph at lines 1462--1462
\T1/ptm/m/it/10.95 ymax=2066\T1/ptm/m/n/10.95 ,
 []


Underfull \hbox (badness 10000) in paragraph at lines 1462--1462
\T1/ptm/m/it/10.95 mag=18\T1/ptm/m/n/10.95 ,
 []


Underfull \hbox (badness 10000) in paragraph at lines 1462--1462
\T1/ptm/m/it/10.95 ran-
 []


Underfull \hbox (badness 10000) in paragraph at lines 1462--1462
\T1/ptm/m/it/10.95 dom=True\T1/ptm/m/n/10.95 ,
 []


Underfull \hbox (badness 10000) in paragraph at lines 1462--1462
\T1/ptm/m/it/10.95 per-grid=51\T1/ptm/m/n/10.95 ,
 []


Overfull \hbox (58.5711pt too wide) in paragraph at lines 1462--1462
\T1/ptm/m/it/10.95 out='starsSameMag.dat'\T1/pcr/m/n/10.95 ) 
 []


Underfull \hbox (badness 10000) in paragraph at lines 1496--1496
[]\T1/ptm/m/it/10.95 filename\T1/ptm/m/n/10.95 , \T1/ptm/m/it/10.95 cat-a-log\T
1/ptm/m/n/10.95 ,
 []


Underfull \hbox (badness 10000) in paragraph at lines 1496--1496
\T1/ptm/m/it/10.95 maglimit=22.0\T1/ptm/m/n/10.95 ,
 []

[20] <Distributions.pdf, id=471, 578.16pt x 433.62pt>
File: Distributions.pdf Graphic file (type pdf)
 <use Distributions.pdf>
Package pdftex.def Info: Distributions.pdf used on input line 1526.
(pdftex.def)             Requested size: 578.15858pt x 433.61894pt.
File: Distributions.pdf Graphic file (type pdf)

<use Distributions.pdf>
Package pdftex.def Info: Distributions.pdf used on input line 1526.
(pdftex.def)             Requested size: 452.96788pt x 339.72418pt.
 [21 <./Distributions.pdf>] [22

]
Chapter 5.
[23]
Underfull \hbox (badness 10000) in paragraph at lines 1662--1663

 []

[24] [25] [26]
Underfull \hbox (badness 10000) in paragraph at lines 1880--1881

 []


Underfull \hbox (badness 10000) in paragraph at lines 1931--1932

 []

[27] [28]
Underfull \hbox (badness 10000) in paragraph at lines 2126--2127
\T1/ptm/m/n/10.95 Processes con-fig-u-ra-tion in-for-ma-tion and save the in-fo
r-ma-tion to a dic-tio-nary
 []

[29] [30] [31] <VISpartOfCCDlogscale.png, id=631, 1762.585pt x 1309.89375pt>
File: VISpartOfCCDlogscale.png Graphic file (type png)

<use VISpartOfCCDlogscale.png>
Package pdftex.def Info: VISpartOfCCDlogscale.png used on input line 2418.
(pdftex.def)             Requested size: 1762.58072pt x 1309.89058pt.
File: VISpartOfCCDlogscale.png Graphic file (type png)
 <use VISpartOfCCDlogscale.png>
Package pdftex.def Info: VISpartOfCCDlogscale.png used on input line 2418.
(pdftex.def)             Requested size: 452.96788pt x 336.62685pt.

<noisecomparison.png, id=632, 2517.405pt x 1105.12875pt>
File: noisecomparison.png Graphic file (type png)

<use noisecomparison.png>
Package pdftex.def Info: noisecomparison.png used on input line 2425.
(pdftex.def)             Requested size: 2517.39888pt x 1105.12607pt.
File: noisecomparison.png Graphic file (type png)
 <use noisecomparison.png>
Package pdftex.def Info: noisecomparison.png used on input line 2425.
(pdftex.def)             Requested size: 452.96788pt x 198.84714pt.

<VISImage.png, id=633, 2928.9425pt x 2049.6575pt>
File: VISImage.png Graphic file (type png)
 <use VISImage.png>
Package pdftex.def Info: VISImage.png used on input line 2433.
(pdftex.def)             Requested size: 2928.9354pt x 2049.65251pt.
File: VISImage.png Graphic file (type png)

<use VISImage.png>
Package pdftex.def Info: VISImage.png used on input line 2433.
(pdftex.def)             Requested size: 452.96788pt x 316.9743pt.
 [32 <./VISpartOfCCDlogscale.png>] [33 <./noisecomparison.png> <./VISImage.png>
] [34

]
Chapter 6.
[35]
Underfull \hbox (badness 10000) in paragraph at lines 2588--2588
[]\T1/ptm/m/it/10.95 data\T1/ptm/m/n/10.95 , \T1/ptm/m/it/10.95 read-noise=4.5\
T1/ptm/m/n/10.95 , \T1/ptm/m/it/10.95 gain=3.1\T1/ptm/m/n/10.95 ,
 []

[36]
Underfull \hbox (badness 10000) in paragraph at lines 2619--2619
[]\T1/ptm/m/it/10.95 log\T1/ptm/m/n/10.95 ,
 []


Underfull \hbox (badness 10000) in paragraph at lines 2619--2619
\T1/ptm/m/it/10.95 over-sam-ple=12.0\T1/ptm/m/n/10.95 ,
 []


Underfull \hbox (badness 10000) in paragraph at lines 2619--2619
\T1/ptm/m/it/10.95 sam-ples=12\T1/ptm/m/n/10.95 ,
 []


Underfull \hbox (badness 10000) in paragraph at lines 2619--2619
\T1/ptm/m/it/10.95 psfs=4000\T1/ptm/m/n/10.95 ,
 []


Underfull \hbox (badness 10000) in paragraph at lines 2619--2619
\T1/ptm/m/it/10.95 sigma=0.36\T1/ptm/m/n/10.95 , \T1/ptm/m/it/10.95 it-
 []


Underfull \hbox (badness 10000) in paragraph at lines 2619--2619
\T1/ptm/m/it/10.95 er-a-tions=5\T1/ptm/m/n/10.95 , \T1/ptm/m/it/10.95 de-
 []


Underfull \hbox (badness 10000) in paragraph at lines 2633--2633
[]\T1/ptm/m/it/10.95 log\T1/ptm/m/n/10.95 ,
 []


Underfull \hbox (badness 10000) in paragraph at lines 2633--2633
\T1/ptm/m/it/10.95 file='data/psf12x.fits'\T1/ptm/m/n/10.95 ,
 []


Underfull \hbox (badness 10000) in paragraph at lines 2633--2633
\T1/ptm/m/it/10.95 ples=12\T1/ptm/m/n/10.95 , \T1/ptm/m/it/10.95 psfs=4000\T1/p
tm/m/n/10.95 ,
 []


Underfull \hbox (badness 10000) in paragraph at lines 2633--2633
\T1/ptm/m/it/10.95 sigma=0.36\T1/ptm/m/n/10.95 , \T1/ptm/m/it/10.95 it-er-a-
 []


Underfull \hbox (badness 10000) in paragraph at lines 2669--2669
[]\T1/ptm/m/it/10.95 results\T1/ptm/m/n/10.95 , \T1/ptm/m/it/10.95 timeS-
 []


Underfull \hbox (badness 10000) in paragraph at lines 2688--2688
[]\T1/ptm/m/it/10.95 results\T1/ptm/m/n/10.95 , \T1/ptm/m/it/10.95 reqe=3e-
 []


Underfull \hbox (badness 10000) in paragraph at lines 2688--2688
\T1/ptm/m/it/10.95 05\T1/ptm/m/n/10.95 , \T1/ptm/m/it/10.95 reqr2=0.0001\T1/ptm
/m/n/10.95 ,
 []


Underfull \hbox (badness 10000) in paragraph at lines 2688--2688
\T1/ptm/m/it/10.95 shift=0.1\T1/ptm/m/n/10.95 , \T1/ptm/m/it/10.95 timeS-
 []

[37]
Underfull \hbox (badness 10000) in paragraph at lines 2716--2716
\T1/ptm/m/it/10.95 floor=995\T1/ptm/m/n/10.95 ,
 []


Underfull \hbox (badness 10000) in paragraph at lines 2716--2716
\T1/ptm/m/it/10.95 xsize=2048\T1/ptm/m/n/10.95 ,
 []


Underfull \hbox (badness 10000) in paragraph at lines 2716--2716
\T1/ptm/m/it/10.95 ysize=2066\T1/ptm/m/n/10.95 , \T1/ptm/m/it/10.95 or-
 []


Underfull \hbox (badness 10000) in paragraph at lines 2716--2716
\T1/ptm/m/it/10.95 der=3\T1/ptm/m/n/10.95 , \T1/ptm/m/it/10.95 bi-ases=15\T1/pt
m/m/n/10.95 ,
 []


Underfull \hbox (badness 10000) in paragraph at lines 2716--2716
\T1/ptm/m/it/10.95 sur-faces=100\T1/ptm/m/n/10.95 ,
 []


Underfull \hbox (badness 10000) in paragraph at lines 2716--2716
\T1/ptm/m/it/10.95 file='psf1x.fits'\T1/ptm/m/n/10.95 ,
 []


Underfull \hbox (badness 10000) in paragraph at lines 2716--2716
\T1/ptm/m/it/10.95 psfs=500\T1/ptm/m/n/10.95 , \T1/ptm/m/it/10.95 ps-f-
 []


Underfull \hbox (badness 10000) in paragraph at lines 2716--2716
\T1/ptm/m/it/10.95 s-cale=1000.0\T1/ptm/m/n/10.95 ,
 []


Underfull \hbox (badness 10000) in paragraph at lines 2716--2716
\T1/ptm/m/it/10.95 de-bug=False\T1/ptm/m/n/10.95 ,
 []


Underfull \hbox (badness 10000) in paragraph at lines 2746--2746
\T1/ptm/m/it/10.95 floor=3500\T1/ptm/m/n/10.95 ,
 []


Underfull \hbox (badness 10000) in paragraph at lines 2746--2746
\T1/ptm/m/it/10.95 xsize=2048\T1/ptm/m/n/10.95 ,
 []


Underfull \hbox (badness 10000) in paragraph at lines 2746--2746
\T1/ptm/m/it/10.95 ysize=2066\T1/ptm/m/n/10.95 , \T1/ptm/m/it/10.95 or-
 []


Underfull \hbox (badness 10000) in paragraph at lines 2746--2746
\T1/ptm/m/it/10.95 der=3\T1/ptm/m/n/10.95 , \T1/ptm/m/it/10.95 bi-ases=15\T1/pt
m/m/n/10.95 ,
 []


Underfull \hbox (badness 10000) in paragraph at lines 2746--2746
\T1/ptm/m/it/10.95 sur-faces=100\T1/ptm/m/n/10.95 ,
 []


Underfull \hbox (badness 10000) in paragraph at lines 2746--2746
\T1/ptm/m/it/10.95 file='psf1x.fits'\T1/ptm/m/n/10.95 ,
 []


Underfull \hbox (badness 10000) in paragraph at lines 2746--2746
\T1/ptm/m/it/10.95 psfs=500\T1/ptm/m/n/10.95 , \T1/ptm/m/it/10.95 ps-f-s-
 []


Underfull \hbox (badness 10000) in paragraph at lines 2746--2746
\T1/ptm/m/it/10.95 cale=100000.0\T1/ptm/m/n/10.95 ,
 []


Underfull \hbox (badness 10000) in paragraph at lines 2746--2746
\T1/ptm/m/it/10.95 gain=3.1\T1/ptm/m/n/10.95 , \T1/ptm/m/it/10.95 de-
 []


Underfull \hbox (badness 10000) in paragraph at lines 2746--2746
\T1/ptm/m/it/10.95 bug=False\T1/ptm/m/n/10.95 ,
 []

[38] [39]
Underfull \hbox (badness 10000) in paragraph at lines 2823--2823
[]\T1/ptm/m/it/10.95 log\T1/ptm/m/n/10.95 ,
 []


Underfull \hbox (badness 10000) in paragraph at lines 2823--2823
\T1/ptm/m/it/10.95 file='data/psf4x.fits'\T1/ptm/m/n/10.95 ,
 []


Underfull \hbox (badness 10000) in paragraph at lines 2823--2823
\T1/ptm/m/it/10.95 over-sam-ple=4.0\T1/ptm/m/n/10.95 ,
 []


Underfull \hbox (badness 10000) in paragraph at lines 2823--2823
\T1/ptm/m/it/10.95 psfs=10000\T1/ptm/m/n/10.95 , \T1/ptm/m/it/10.95 it-er-a-
 []


Overfull \hbox (50.0846pt too wide) in paragraph at lines 2832--2832
[]\T1/ptm/m/it/10.95 files='Q0*flatfield*.fits'\T1/ptm/m/n/10.95 ,
 []


Underfull \hbox (badness 10000) in paragraph at lines 2832--2832
\T1/ptm/m/it/10.95 com-
 []


Underfull \hbox (badness 10000) in paragraph at lines 2832--2832
\T1/ptm/m/it/10.95 bine=77\T1/ptm/m/n/10.95 ,
 []


Underfull \hbox (badness 10000) in paragraph at lines 2832--2832
\T1/ptm/m/it/10.95 lamp-
 []


Overfull \hbox (110.48404pt too wide) in paragraph at lines 2832--2832
\T1/ptm/m/it/10.95 file='data/VIScalibrationUnitflux.fits'\T1/ptm/m/n/10.95 ,
 []


Underfull \hbox (badness 10000) in paragraph at lines 2832--2832
\T1/ptm/m/it/10.95 ref-er-
 []


Overfull \hbox (112.15929pt too wide) in paragraph at lines 2832--2832
\T1/ptm/m/it/10.95 ence='data/VISFlatField1percent.fits'\T1/ptm/m/n/10.95 ,
 []


Underfull \hbox (badness 10000) in paragraph at lines 2832--2832
\T1/ptm/m/it/10.95 gain=3.5\T1/ptm/m/n/10.95 ,
 []


Underfull \hbox (badness 10000) in paragraph at lines 2832--2832
\T1/ptm/m/it/10.95 plots=False\T1/ptm/m/n/10.95 ,
 []


Underfull \hbox (badness 10000) in paragraph at lines 2832--2832
\T1/ptm/m/it/10.95 de-
 []


Underfull \hbox (badness 10000) in paragraph at lines 2885--2885
[]\T1/ptm/m/it/10.95 results\T1/ptm/m/n/10.95 , \T1/ptm/m/it/10.95 reqe=3e-
 []


Underfull \hbox (badness 10000) in paragraph at lines 2885--2885
\T1/ptm/m/it/10.95 05\T1/ptm/m/n/10.95 , \T1/ptm/m/it/10.95 reqr2=0.0001\T1/ptm
/m/n/10.95 ,
 []


Underfull \hbox (badness 10000) in paragraph at lines 2885--2885
\T1/ptm/m/it/10.95 shift=0.1\T1/ptm/m/n/10.95 , \T1/ptm/m/it/10.95 out-
 []


Underfull \hbox (badness 10000) in paragraph at lines 2885--2885
\T1/ptm/m/it/10.95 dir='results'\T1/ptm/m/n/10.95 , \T1/ptm/m/it/10.95 timeS-
 []

[40]
Underfull \hbox (badness 10000) in paragraph at lines 2919--2919
[]\T1/ptm/m/it/10.95 log\T1/ptm/m/n/10.95 , \T1/ptm/m/it/10.95 flats\T1/ptm/m/n
/10.95 , \T1/ptm/m/it/10.95 sur-
 []


Underfull \hbox (badness 10000) in paragraph at lines 2919--2919
\T1/ptm/m/it/10.95 faces=10\T1/ptm/m/n/10.95 ,
 []


Underfull \hbox (badness 10000) in paragraph at lines 2919--2919
\T1/ptm/m/it/10.95 file='data/psf1x.fits'\T1/ptm/m/n/10.95 ,
 []


Underfull \hbox (badness 10000) in paragraph at lines 2919--2919
\T1/ptm/m/it/10.95 psfs=5000\T1/ptm/m/n/10.95 ,
 []


Underfull \hbox (badness 10000) in paragraph at lines 2919--2919
\T1/ptm/m/it/10.95 sigma=0.75\T1/ptm/m/n/10.95 , \T1/ptm/m/it/10.95 it-
 []


Underfull \hbox (badness 10000) in paragraph at lines 2919--2919
\T1/ptm/m/it/10.95 er-a-tions=7\T1/ptm/m/n/10.95 , \T1/ptm/m/it/10.95 weight-
 []


Underfull \hbox (badness 10000) in paragraph at lines 2930--2930
[]\T1/ptm/m/it/10.95 log\T1/ptm/m/n/10.95 ,
 []


Overfull \hbox (33.999pt too wide) in paragraph at lines 2930--2930
\T1/ptm/m/it/10.95 file='data/psf1x.fits'\T1/ptm/m/n/10.95 ,
 []


Underfull \hbox (badness 10000) in paragraph at lines 2930--2930
\T1/ptm/m/it/10.95 over-sam-
 []


Underfull \hbox (badness 10000) in paragraph at lines 2930--2930
\T1/ptm/m/it/10.95 ple=1.0\T1/ptm/m/n/10.95 ,
 []

[41]
Underfull \hbox (badness 10000) in paragraph at lines 2978--2978
[]\T1/ptm/m/it/10.95 results\T1/ptm/m/n/10.95 , \T1/ptm/m/it/10.95 reqe=3e-05\T
1/ptm/m/n/10.95 ,
 []


Underfull \hbox (badness 10000) in paragraph at lines 2978--2978
\T1/ptm/m/it/10.95 reqr2=0.0001\T1/ptm/m/n/10.95 , \T1/ptm/m/it/10.95 out-
 []


Underfull \hbox (badness 10000) in paragraph at lines 2978--2978
\T1/ptm/m/it/10.95 dir='results'\T1/ptm/m/n/10.95 , \T1/ptm/m/it/10.95 timeS-
 []


Underfull \hbox (badness 10000) in paragraph at lines 3006--3006
[]\T1/ptm/m/it/10.95 log\T1/ptm/m/n/10.95 ,
 []


Underfull \hbox (badness 10000) in paragraph at lines 3006--3006
\T1/ptm/m/it/10.95 over-sam-ple=12.0\T1/ptm/m/n/10.95 ,
 []


Underfull \hbox (badness 10000) in paragraph at lines 3006--3006
\T1/ptm/m/it/10.95 sigma=0.75\T1/ptm/m/n/10.95 ,
 []


Underfull \hbox (badness 10000) in paragraph at lines 3006--3006
\T1/ptm/m/it/10.95 phs=0.98\T1/ptm/m/n/10.95 ,
 []


Underfull \hbox (badness 10000) in paragraph at lines 3006--3006
\T1/ptm/m/it/10.95 phases=None\T1/ptm/m/n/10.95 ,
 []


Underfull \hbox (badness 10000) in paragraph at lines 3006--3006
\T1/ptm/m/it/10.95 mul-ti-plier=1.5\T1/ptm/m/n/10.95 ,
 []


Underfull \hbox (badness 10000) in paragraph at lines 3006--3006
\T1/ptm/m/it/10.95 minerror=-5.0\T1/ptm/m/n/10.95 ,
 []


Underfull \hbox (badness 10000) in paragraph at lines 3006--3006
\T1/ptm/m/it/10.95 maxerror=-1\T1/ptm/m/n/10.95 ,
 []

[42]
Underfull \hbox (badness 7168) in paragraph at lines 3043--3044
[]\T1/ptm/b/n/10.95 minerror \T1/ptm/m/n/10.95 (\T1/ptm/m/it/10.95 float\T1/ptm
/m/n/10.95 ) -- the min-i-mum er-ror to be cov-ered, given in
 []


Underfull \hbox (badness 6094) in paragraph at lines 3046--3047
[]\T1/ptm/b/n/10.95 maxerror \T1/ptm/m/n/10.95 (\T1/ptm/m/it/10.95 float\T1/ptm
/m/n/10.95 ) -- the max-i-mum er-ror to be cov-ered, given in
 []


Underfull \hbox (badness 10000) in paragraph at lines 3107--3107
\T1/ptm/m/it/10.95 er-a-tions=4\T1/ptm/m/n/10.95 , \T1/ptm/m/it/10.95 xcen=1900
\T1/ptm/m/n/10.95 ,
 []

[43]
Underfull \hbox (badness 10000) in paragraph at lines 3190--3190
[]\T1/ptm/m/it/10.95 results\T1/ptm/m/n/10.95 , \T1/ptm/m/it/10.95 reqe=3e-05\T
1/ptm/m/n/10.95 ,
 []


Underfull \hbox (badness 10000) in paragraph at lines 3190--3190
\T1/ptm/m/it/10.95 reqr2=0.0001\T1/ptm/m/n/10.95 , \T1/ptm/m/it/10.95 out-dir='
results'\T1/ptm/m/n/10.95 ,
 []


Underfull \hbox (badness 10000) in paragraph at lines 3218--3218
[]\T1/ptm/m/it/10.95 log\T1/ptm/m/n/10.95 ,
 []


Overfull \hbox (14.28902pt too wide) in paragraph at lines 3218--3218
\T1/ptm/m/it/10.95 file='data/psf1x.fits'\T1/ptm/m/n/10.95 ,
 []


Underfull \hbox (badness 10000) in paragraph at lines 3218--3218
\T1/ptm/m/it/10.95 over-sam-ple=1.0\T1/ptm/m/n/10.95 ,
 []


Underfull \hbox (badness 10000) in paragraph at lines 3218--3218
\T1/ptm/m/it/10.95 sigma=0.75\T1/ptm/m/n/10.95 ,
 []


Underfull \hbox (badness 10000) in paragraph at lines 3218--3218
\T1/ptm/m/it/10.95 psfs=20000\T1/ptm/m/n/10.95 ,
 []


Underfull \hbox (badness 10000) in paragraph at lines 3218--3218
\T1/ptm/m/it/10.95 scale=1000.0\T1/ptm/m/n/10.95 ,
 []


Underfull \hbox (badness 10000) in paragraph at lines 3218--3218
\T1/ptm/m/it/10.95 min=1e-05\T1/ptm/m/n/10.95 ,
 []


Underfull \hbox (badness 10000) in paragraph at lines 3218--3218
\T1/ptm/m/it/10.95 max=50\T1/ptm/m/n/10.95 , \T1/ptm/m/it/10.95 lev-
 []


Underfull \hbox (badness 10000) in paragraph at lines 3218--3218
\T1/ptm/m/it/10.95 els=15\T1/ptm/m/n/10.95 , \T1/ptm/m/it/10.95 cov-
 []


Underfull \hbox (badness 10000) in paragraph at lines 3218--3218
\T1/ptm/m/it/10.95 er-ing=1.4\T1/ptm/m/n/10.95 ,
 []

[44]
Underfull \hbox (badness 10000) in paragraph at lines 3267--3267
[]\T1/ptm/m/it/10.95 log\T1/ptm/m/n/10.95 ,
 []


Overfull \hbox (66.84895pt too wide) in paragraph at lines 3267--3267
\T1/ptm/m/it/10.95 file='data/psf1x.fits'\T1/ptm/m/n/10.95 ,
 []


Underfull \hbox (badness 10000) in paragraph at lines 3267--3267
\T1/ptm/m/it/10.95 over-
 []


Underfull \hbox (badness 10000) in paragraph at lines 3267--3267
\T1/ptm/m/it/10.95 sam-
 []


Overfull \hbox (12.3736pt too wide) in paragraph at lines 3267--3267
\T1/ptm/m/it/10.95 ple=1.0\T1/ptm/m/n/10.95 ,
 []


Overfull \hbox (30.62714pt too wide) in paragraph at lines 3267--3267
\T1/ptm/m/it/10.95 sigma=0.75\T1/ptm/m/n/10.95 ,
 []


Overfull \hbox (24.24323pt too wide) in paragraph at lines 3267--3267
\T1/ptm/m/it/10.95 psfs=2000\T1/ptm/m/n/10.95 ,
 []


Overfull \hbox (37.91972pt too wide) in paragraph at lines 3267--3267
\T1/ptm/m/it/10.95 scale=1000.0\T1/ptm/m/n/10.95 ,
 []


Overfull \hbox (31.8427pt too wide) in paragraph at lines 3267--3267
\T1/ptm/m/it/10.95 min=0.0001\T1/ptm/m/n/10.95 ,
 []


Overfull \hbox (28.18544pt too wide) in paragraph at lines 3267--3267
\T1/ptm/m/it/10.95 max=100.0\T1/ptm/m/n/10.95 ,
 []


Underfull \hbox (badness 10000) in paragraph at lines 3267--3267
\T1/ptm/m/it/10.95 lev-
 []


Overfull \hbox (2.94556pt too wide) in paragraph at lines 3267--3267
\T1/ptm/m/it/10.95 els=9\T1/ptm/m/n/10.95 ,
 []


Underfull \hbox (badness 10000) in paragraph at lines 3267--3267
\T1/ptm/m/it/10.95 cov-
 []


Underfull \hbox (badness 10000) in paragraph at lines 3267--3267
\T1/ptm/m/it/10.95 er-
 []


Overfull \hbox (12.98686pt too wide) in paragraph at lines 3267--3267
\T1/ptm/m/it/10.95 ing=2.0\T1/ptm/m/n/10.95 ,
 []


Overfull \hbox (28.39317pt too wide) in paragraph at lines 3267--3267
\T1/ptm/m/it/10.95 stars=1850\T1/ptm/m/n/10.95 ,
 []


Underfull \hbox (badness 10000) in paragraph at lines 3267--3267
\T1/ptm/m/it/10.95 sin-
 []


Overfull \hbox (26.02794pt too wide) in paragraph at lines 3267--3267
\T1/ptm/m/it/10.95 gle=False\T1/pcr/m/n/10.95 ) 
 []

[45]
Underfull \hbox (badness 10000) in paragraph at lines 3342--3342
\T1/ptm/m/it/10.95 ps-f-s-cale=100000\T1/ptm/m/n/10.95 , \T1/ptm/m/it/10.95 max
dis-
 []


Underfull \hbox (badness 10000) in paragraph at lines 3342--3342
\T1/ptm/m/it/10.95 tance=100\T1/ptm/m/n/10.95 , \T1/ptm/m/it/10.95 over-sam-ple
=4.0\T1/ptm/m/n/10.95 ,
 []


Underfull \hbox (badness 10000) in paragraph at lines 3342--3342
\T1/ptm/m/it/10.95 psfs=1000\T1/ptm/m/n/10.95 , \T1/ptm/m/it/10.95 it-er-a-tion
s=6\T1/ptm/m/n/10.95 ,
 []

[46]
Underfull \hbox (badness 10000) in paragraph at lines 3385--3385
[]\T1/ptm/m/it/10.95 log\T1/ptm/m/n/10.95 , \T1/ptm/m/it/10.95 file-
 []


Underfull \hbox (badness 10000) in paragraph at lines 3385--3385
\T1/ptm/m/it/10.95 name='data/psf4x.fits'\T1/ptm/m/n/10.95 ,
 []


Underfull \hbox (badness 10000) in paragraph at lines 3385--3385
\T1/ptm/m/it/10.95 tance=100\T1/ptm/m/n/10.95 , \T1/ptm/m/it/10.95 in-ner=8\T1/
ptm/m/n/10.95 ,
 []


Underfull \hbox (badness 10000) in paragraph at lines 3385--3385
\T1/ptm/m/it/10.95 outer=60\T1/ptm/m/n/10.95 , \T1/ptm/m/it/10.95 over-sam-
 []


Underfull \hbox (badness 10000) in paragraph at lines 3385--3385
\T1/ptm/m/it/10.95 ple=4.0\T1/ptm/m/n/10.95 , \T1/ptm/m/it/10.95 psfs=5000\T1/p
tm/m/n/10.95 ,
 []

[47] [48]
Chapter 7.
[49

] [50] [51]
Underfull \hbox (badness 10000) in paragraph at lines 3859--3861
[]\T1/ptm/m/n/10.95 photometry, er-ror_in_photometry, el-lip-tic-ity, re-fined_
x_pos, re-
 []


Underfull \hbox (badness 10000) in paragraph at lines 3882--3883

 []

[52] [53]
Underfull \hbox (badness 10000) in paragraph at lines 4031--4033
[]\T1/ptm/m/n/10.95 photometry, er-ror_in_photometry, el-lip-tic-ity, re-fined_
x_pos, re-
 []


Underfull \hbox (badness 10000) in paragraph at lines 4054--4055

 []

[54]
Underfull \hbox (badness 10000) in paragraph at lines 4212--4212
[]\T1/ptm/m/it/10.95 files\T1/ptm/m/n/10.95 , \T1/ptm/m/it/10.95 gaus-
 []


Underfull \hbox (badness 10000) in paragraph at lines 4212--4212
\T1/ptm/m/it/10.95 el-val-ues=False\T1/ptm/m/n/10.95 ,
 []


Underfull \hbox (badness 10000) in paragraph at lines 4212--4212
\T1/ptm/m/it/10.95 bessel=True\T1/ptm/m/n/10.95 ,
 []


Underfull \hbox (badness 10000) in paragraph at lines 4264--4264
[]\T1/ptm/m/it/10.95 ydata\T1/ptm/m/n/10.95 , \T1/ptm/m/it/10.95 xdata=None\T1/
ptm/m/n/10.95 , \T1/ptm/m/it/10.95 ini-
 []

[55]
Underfull \hbox (badness 10000) in paragraph at lines 4293--4293
[]\T1/ptm/m/it/10.95 radius=1.5\T1/ptm/m/n/10.95 , \T1/ptm/m/it/10.95 over-sam-

 []


Underfull \hbox (badness 10000) in paragraph at lines 4293--4293
\T1/ptm/m/it/10.95 ple=500\T1/ptm/m/n/10.95 , \T1/ptm/m/it/10.95 size=1000\T1/p
tm/m/n/10.95 ,
 []


Underfull \hbox (badness 10000) in paragraph at lines 4293--4293
\T1/ptm/m/it/10.95 cx=None\T1/ptm/m/n/10.95 , \T1/ptm/m/it/10.95 cy=None\T1/ptm
/m/n/10.95 ,
 []


Underfull \hbox (badness 10000) in paragraph at lines 4369--4369
[]\T1/ptm/m/it/10.95 data\T1/ptm/m/n/10.95 , \T1/ptm/m/it/10.95 ker-nel\T1/ptm/
m/n/10.95 , \T1/ptm/m/it/10.95 re-qular-
 []


Underfull \hbox (badness 10000) in paragraph at lines 4369--4369
\T1/ptm/m/it/10.95 iza-tion=0.01\T1/ptm/m/n/10.95 , \T1/ptm/m/it/10.95 nor-mal-

 []

[56] [57]
Underfull \hbox (badness 10000) in paragraph at lines 4524--4524
[]\T1/ptm/m/it/10.95 data\T1/ptm/m/n/10.95 , \T1/ptm/m/it/10.95 cut\T1/ptm/m/n/
10.95 , \T1/ptm/m/it/10.95 out-folder\T1/ptm/m/n/10.95 , \T1/ptm/m/it/10.95 com
-po-
 []


Overfull \hbox (72.76715pt too wide) in paragraph at lines 4528--4529
[][][]\T1/ptm/m/n/10.95 http://scikit-learn.org/stable/modules/generated/sklear
n.decomposition.fastica.html#sklearn.decomposition.fastica[][] 
 []


Underfull \hbox (badness 10000) in paragraph at lines 4535--4535
[]\T1/ptm/m/it/10.95 data\T1/ptm/m/n/10.95 , \T1/ptm/m/it/10.95 cut\T1/ptm/m/n/
10.95 , \T1/ptm/m/it/10.95 out-folder\T1/ptm/m/n/10.95 , \T1/ptm/m/it/10.95 com
-po-
 []


Underfull \hbox (badness 7012) in paragraph at lines 4539--4541
[]\T1/ptm/m/n/10.95 Information about PCA can be found from the scikit-learn we
b-site: [][]http://scikit-
 []


Overfull \hbox (4.87904pt too wide) in paragraph at lines 4539--4541
\T1/ptm/m/n/10.95 learn.org/stable/modules/generated/sklearn.decomposition.PCA.
html#sklearn.decomposition.PCA[][] 
 []


Underfull \hbox (badness 10000) in paragraph at lines 4572--4572
\T1/ptm/m/it/10.95 com-po-nents=10\T1/ptm/m/n/10.95 ,
 []

[58]
Underfull \hbox (badness 7012) in paragraph at lines 4576--4578
[]\T1/ptm/m/n/10.95 Information about PCA can be found from the scikit-learn we
b-site: [][]http://scikit-
 []


Overfull \hbox (115.58238pt too wide) in paragraph at lines 4576--4578
\T1/ptm/m/n/10.95 learn.org/stable/modules/generated/sklearn.decomposition.Rand
omizedPCA.html#sklearn.decomposition.RandomizedPCA[][] 
 []


Underfull \hbox (badness 10000) in paragraph at lines 4630--4630
[]\T1/ptm/m/it/10.95 files\T1/ptm/m/n/10.95 , \T1/ptm/m/it/10.95 out-put\T1/ptm
/m/n/10.95 , \T1/ptm/m/it/10.95 out-put-folder\T1/ptm/m/n/10.95 ,
 []

[59] [60] [61]
Underfull \hbox (badness 5711) in paragraph at lines 4935--4935
[]\T1/ptm/m/it/10.95 image\T1/ptm/m/n/10.95 , \T1/ptm/m/it/10.95 cen-ter=None\T
1/ptm/m/n/10.95 , \T1/ptm/m/it/10.95 std-dev=False\T1/ptm/m/n/10.95 , \T1/ptm/m
/it/10.95 re-
 []


Underfull \hbox (badness 10000) in paragraph at lines 4935--4935
\T1/ptm/m/it/10.95 turn-radii=False\T1/ptm/m/n/10.95 , \T1/ptm/m/it/10.95 re-tu
rn_nr=False\T1/ptm/m/n/10.95 , \T1/ptm/m/it/10.95 bin-
 []


Underfull \hbox (badness 10000) in paragraph at lines 4935--4935
\T1/ptm/m/it/10.95 size=0.5\T1/ptm/m/n/10.95 , \T1/ptm/m/it/10.95 weights=None\
T1/ptm/m/n/10.95 , \T1/ptm/m/it/10.95 steps=False\T1/ptm/m/n/10.95 ,
 []

[62]
Underfull \hbox (badness 10000) in paragraph at lines 5110--5110
[]\T1/ptm/m/it/10.95 results\T1/ptm/m/n/10.95 , \T1/ptm/m/it/10.95 reqe=3.5e-
 []


Underfull \hbox (badness 10000) in paragraph at lines 5110--5110
\T1/ptm/m/it/10.95 05\T1/ptm/m/n/10.95 , \T1/ptm/m/it/10.95 reqr2=0.00035\T1/pt
m/m/n/10.95 ,
 []


Underfull \hbox (badness 10000) in paragraph at lines 5110--5110
\T1/ptm/m/it/10.95 out-dir='results'\T1/ptm/m/n/10.95 , \T1/ptm/m/it/10.95 time
S-
 []

[63]
Overfull \hbox (18.07864pt too wide) in paragraph at lines 5138--5138
[]\T1/ptm/m/it/10.95 log\T1/ptm/m/n/10.95 ,
 []


Overfull \hbox (98.60391pt too wide) in paragraph at lines 5138--5138
\T1/ptm/m/it/10.95 file='data/psf12x.fits'\T1/ptm/m/n/10.95 ,
 []


Overfull \hbox (24.2324pt too wide) in paragraph at lines 5138--5138
\T1/ptm/m/it/10.95 over-
 []


Overfull \hbox (22.74324pt too wide) in paragraph at lines 5138--5138
\T1/ptm/m/it/10.95 sam-
 []


Overfull \hbox (44.12856pt too wide) in paragraph at lines 5138--5138
\T1/ptm/m/it/10.95 ple=12.0\T1/ptm/m/n/10.95 ,
 []


Overfull \hbox (56.9071pt too wide) in paragraph at lines 5138--5138
\T1/ptm/m/it/10.95 sigma=0.75\T1/ptm/m/n/10.95 ,
 []


Overfull \hbox (50.5232pt too wide) in paragraph at lines 5138--5138
\T1/ptm/m/it/10.95 psfs=5000\T1/ptm/m/n/10.95 ,
 []


Overfull \hbox (45.65063pt too wide) in paragraph at lines 5138--5138
\T1/ptm/m/it/10.95 amps=12\T1/ptm/m/n/10.95 ,
 []


Overfull \hbox (21.5278pt too wide) in paragraph at lines 5138--5138
\T1/ptm/m/it/10.95 mul-
 []


Overfull \hbox (11.19095pt too wide) in paragraph at lines 5138--5138
\T1/ptm/m/it/10.95 ti-
 []


Overfull \hbox (45.95699pt too wide) in paragraph at lines 5138--5138
\T1/ptm/m/it/10.95 plier=1.5\T1/ptm/m/n/10.95 ,
 []


Overfull \hbox (51.54134pt too wide) in paragraph at lines 5138--5138
\T1/ptm/m/it/10.95 minerror=-
 []


Overfull \hbox (17.88162pt too wide) in paragraph at lines 5138--5138
\T1/ptm/m/it/10.95 5.0\T1/ptm/m/n/10.95 ,
 []


Overfull \hbox (53.35907pt too wide) in paragraph at lines 5138--5138
\T1/ptm/m/it/10.95 maxerror=-
 []


Overfull \hbox (17.88162pt too wide) in paragraph at lines 5138--5138
\T1/ptm/m/it/10.95 1.0\T1/ptm/m/n/10.95 ,
 []


Overfull \hbox (59.6446pt too wide) in paragraph at lines 5138--5138
\T1/ptm/m/it/10.95 lowflux=500\T1/ptm/m/n/10.95 ,
 []


Overfull \hbox (24.57193pt too wide) in paragraph at lines 5138--5138
\T1/ptm/m/it/10.95 high-
 []


Overfull \hbox (60.24704pt too wide) in paragraph at lines 5138--5138
\T1/ptm/m/it/10.95 flux=180000\T1/ptm/m/n/10.95 ,
 []


Overfull \hbox (75.42303pt too wide) in paragraph at lines 5138--5138
\T1/ptm/m/it/10.95 linspace=False\T1/pcr/m/n/10.95 ) 
 []

[64]
Underfull \hbox (badness 7168) in paragraph at lines 5175--5176
[]\T1/ptm/b/n/10.95 minerror \T1/ptm/m/n/10.95 (\T1/ptm/m/it/10.95 float\T1/ptm
/m/n/10.95 ) -- the min-i-mum er-ror to be cov-ered, given in
 []


Underfull \hbox (badness 6094) in paragraph at lines 5178--5179
[]\T1/ptm/b/n/10.95 maxerror \T1/ptm/m/n/10.95 (\T1/ptm/m/it/10.95 float\T1/ptm
/m/n/10.95 ) -- the max-i-mum er-ror to be cov-ered, given in
 []

[65] [66

]
Chapter 8.
[67] [68

]
Chapter 9.
[69] [70

]
Chapter 10.
<Magnitudes15.pdf, id=940, 578.16pt x 433.62pt>
File: Magnitudes15.pdf Graphic file (type pdf)
 <use Magnitudes15.pdf>
Package pdftex.def Info: Magnitudes15.pdf used on input line 5243.
(pdftex.def)             Requested size: 578.15858pt x 433.61894pt.
File: Magnitudes15.pdf Graphic file (type pdf)

<use Magnitudes15.pdf>
Package pdftex.def Info: Magnitudes15.pdf used on input line 5243.
(pdftex.def)             Requested size: 452.96788pt x 339.72418pt.
 <magnitudes.pdf, id=941, 578.16pt x 433.62pt>
File: magnitudes.pdf Graphic file (type pdf)

<use magnitudes.pdf>
Package pdftex.def Info: magnitudes.pdf used on input line 5250.
(pdftex.def)             Requested size: 578.15858pt x 433.61894pt.
File: magnitudes.pdf Graphic file (type pdf)
 <use magnitudes.pdf>
Package pdftex.def Info: magnitudes.pdf used on input line 5250.
(pdftex.def)             Requested size: 452.96788pt x 339.72418pt.
 [71] [72 <./Magnitudes15.pdf>]
[73 <./magnitudes.pdf>] [74

]
Chapter 11.
[75] [76

]
Underfull \hbox (badness 10000) in paragraph at lines 5275--5276
[]\T1/pcr/m/n/10.95 analysis.analyseSpotMeasurements\T1/ptm/m/n/10.95 ,
 []


Underfull \hbox (badness 10000) in paragraph at lines 5281--5282
[]\T1/pcr/m/n/10.95 analysis.nonlinearityCalibration\T1/ptm/m/n/10.95 ,
 []


Overfull \hbox (4.63329pt too wide) in paragraph at lines 5282--5283
[]\T1/pcr/m/n/10.95 analysis.nonlinearityModelTransfer\T1/ptm/m/n/10.95 ,
 []

[77


] (./VIS.ind [78


]
Underfull \hbox (badness 10000) in paragraph at lines 5--6
[]\T1/ptm/m/n/10.95 addChargeInjection() (sim-u-la-
 []


Underfull \hbox (badness 10000) in paragraph at lines 5--6
\T1/ptm/m/n/10.95 tor.simulator.VISsimulator method),
 []


Underfull \hbox (badness 10000) in paragraph at lines 6--7
[]\T1/ptm/m/n/10.95 addCosmicRays() (sim-u-la-
 []


Underfull \hbox (badness 10000) in paragraph at lines 6--7
\T1/ptm/m/n/10.95 tor.simulator.VISsimulator method),
 []


Underfull \hbox (badness 10000) in paragraph at lines 8--9
[]\T1/ptm/m/n/10.95 addObjects() (sim-u-la-
 []


Underfull \hbox (badness 10000) in paragraph at lines 8--9
\T1/ptm/m/n/10.95 tor.generateGalaxies.generateFakeData
 []


Underfull \hbox (badness 10000) in paragraph at lines 9--10
[]\T1/ptm/m/n/10.95 addObjects() (sim-u-la-tor.simulator.VISsimulator
 []


Underfull \hbox (badness 10000) in paragraph at lines 10--11
[]\T1/ptm/m/n/10.95 addPreOverScans() (sim-u-la-
 []


Underfull \hbox (badness 10000) in paragraph at lines 10--11
\T1/ptm/m/n/10.95 tor.simulator.VISsimulator method),
 []


Underfull \hbox (badness 10000) in paragraph at lines 11--12
[]\T1/ptm/m/n/10.95 addReadoutNoise() (in mod-ule anal-y-
 []


Underfull \hbox (badness 10000) in paragraph at lines 12--13
[]\T1/ptm/m/n/10.95 analyseInFocusImpact() (in mod-ule anal-y-
 []


Underfull \hbox (badness 5548) in paragraph at lines 13--14
[]\T1/ptm/m/n/10.95 analyseOutofFocusImpact() (in mod-ule anal-y-
 []


Underfull \hbox (badness 10000) in paragraph at lines 15--16
[]\T1/ptm/m/n/10.95 analyseSpotsFitting() (in mod-ule anal-y-
 []


Underfull \hbox (badness 10000) in paragraph at lines 32--33
[]\T1/ptm/m/n/10.95 applyBias() (sim-u-la-tor.simulator.VISsimulator
 []


Underfull \hbox (badness 10000) in paragraph at lines 33--34
[]\T1/ptm/m/n/10.95 applyBleeding() (sim-u-la-
 []


Underfull \hbox (badness 10000) in paragraph at lines 33--34
\T1/ptm/m/n/10.95 tor.simulator.VISsimulator method),
 []


Underfull \hbox (badness 10000) in paragraph at lines 34--35
[]\T1/ptm/m/n/10.95 applyCosmetics() (sim-u-la-
 []


Underfull \hbox (badness 10000) in paragraph at lines 34--35
\T1/ptm/m/n/10.95 tor.simulator.VISsimulator method),
 []


Underfull \hbox (badness 10000) in paragraph at lines 35--36
[]\T1/ptm/m/n/10.95 applyCTICorrection() (re-duc-
 []


Underfull \hbox (badness 10000) in paragraph at lines 35--36
\T1/ptm/m/n/10.95 tion.reduceVISdata.reduceVISdata
 []


Underfull \hbox (badness 10000) in paragraph at lines 36--38
\T1/ptm/m/n/10.95 u-la-tor.simulator.VISsimulator method),
 []


Underfull \hbox (badness 10000) in paragraph at lines 39--40
[]\T1/ptm/m/n/10.95 applyLinearCorrection() (post-
 []


Underfull \hbox (badness 10000) in paragraph at lines 39--40
\T1/ptm/m/n/10.95 proc.postprocessing.PostProcessing
 []


Underfull \hbox (badness 10000) in paragraph at lines 40--41
[]\T1/ptm/m/n/10.95 applyNonlinearity() (sim-u-la-
 []


Underfull \hbox (badness 10000) in paragraph at lines 40--41
\T1/ptm/m/n/10.95 tor.simulator.VISsimulator method),
 []


Underfull \hbox (badness 10000) in paragraph at lines 41--42
[]\T1/ptm/m/n/10.95 applyPoissonNoise() (sim-u-la-
 []


Underfull \hbox (badness 10000) in paragraph at lines 41--42
\T1/ptm/m/n/10.95 tor.simulator.VISsimulator method),
 []


Underfull \hbox (badness 10000) in paragraph at lines 42--43
[]\T1/ptm/m/n/10.95 applyRadiationDamage() (post-
 []


Underfull \hbox (badness 10000) in paragraph at lines 42--43
\T1/ptm/m/n/10.95 proc.postprocessing.PostProcessing
 []


Underfull \hbox (badness 10000) in paragraph at lines 43--44
[]\T1/ptm/m/n/10.95 applyRadiationDamage() (sim-u-la-
 []


Underfull \hbox (badness 10000) in paragraph at lines 43--44
\T1/ptm/m/n/10.95 tor.simulator.VISsimulator method),
 []


Underfull \hbox (badness 10000) in paragraph at lines 44--45
[]\T1/ptm/m/n/10.95 applyReadoutNoise() (post-
 []


Underfull \hbox (badness 10000) in paragraph at lines 44--45
\T1/ptm/m/n/10.95 proc.postprocessing.PostProcessing
 []

[79

]
Underfull \hbox (badness 10000) in paragraph at lines 45--46
[]\T1/ptm/m/n/10.95 applyReadoutNoise() (sim-u-la-
 []


Underfull \hbox (badness 10000) in paragraph at lines 45--46
\T1/ptm/m/n/10.95 tor.simulator.VISsimulator method),
 []


Underfull \hbox (badness 10000) in paragraph at lines 46--47
[]\T1/ptm/m/n/10.95 applyScatteredLight() (sim-u-la-
 []


Underfull \hbox (badness 10000) in paragraph at lines 46--47
\T1/ptm/m/n/10.95 tor.simulator.VISsimulator method),
 []


Underfull \hbox (badness 10000) in paragraph at lines 47--48
[]\T1/ptm/m/n/10.95 azimuthalAverage() (in mod-ule anal-y-
 []


Underfull \hbox (badness 10000) in paragraph at lines 48--49
[]\T1/ptm/m/n/10.95 azimuthalAverageSimple() (in mod-ule anal-y-
 []


Underfull \hbox (badness 10000) in paragraph at lines 56--57
[]\T1/ptm/m/n/10.95 CCDnonLinearityModel() (in mod-ule sup-
 []


Underfull \hbox (badness 10000) in paragraph at lines 58--59
[]\T1/ptm/m/n/10.95 circular2DGaussian() (anal-y-
 []


Underfull \hbox (badness 10000) in paragraph at lines 58--59
\T1/ptm/m/n/10.95 sis.shape.shapeMeasurement method),
 []


Underfull \hbox (badness 10000) in paragraph at lines 60--61
[]\T1/ptm/m/n/10.95 cleanSample() (anal-y-
 []


Underfull \hbox (badness 10000) in paragraph at lines 60--61
\T1/ptm/m/n/10.95 sis.sourceFinder.sourceFinder method),
 []


Underfull \hbox (badness 10000) in paragraph at lines 62--63
[]\T1/ptm/m/n/10.95 compressAndRemoveFile() (post-
 []


Underfull \hbox (badness 10000) in paragraph at lines 62--63
\T1/ptm/m/n/10.95 proc.postprocessing.PostProcessing
 []


Underfull \hbox (badness 10000) in paragraph at lines 63--64
[]\T1/ptm/m/n/10.95 configure() (sim-u-la-tor.simulator.VISsimulator
 []


Underfull \hbox (badness 10000) in paragraph at lines 64--65
[]\T1/ptm/m/n/10.95 cosmicRayIntercepts() (sim-u-la-
 []


Underfull \hbox (badness 10000) in paragraph at lines 64--65
\T1/ptm/m/n/10.95 tor.simulator.VISsimulator method),
 []


Underfull \hbox (badness 10000) in paragraph at lines 65--66
[]\T1/ptm/m/n/10.95 createGalaxylist() (sim-u-la-
 []


Underfull \hbox (badness 10000) in paragraph at lines 65--66
\T1/ptm/m/n/10.95 tor.generateGalaxies.generateFakeData
 []


Underfull \hbox (badness 10000) in paragraph at lines 66--67
[]\T1/ptm/m/n/10.95 createStarlist() (sim-u-la-
 []


Underfull \hbox (badness 10000) in paragraph at lines 66--67
\T1/ptm/m/n/10.95 tor.generateGalaxies.generateFakeData
 []


Underfull \hbox (badness 10000) in paragraph at lines 67--68
[]\T1/ptm/m/n/10.95 cutoutRegion() (post-
 []


Underfull \hbox (badness 10000) in paragraph at lines 67--68
\T1/ptm/m/n/10.95 proc.postprocessing.PostProcessing
 []


Underfull \hbox (badness 10000) in paragraph at lines 71--72
[]\T1/ptm/m/n/10.95 deleteAndMove() (in mod-ule anal-y-
 []


Underfull \hbox (badness 10000) in paragraph at lines 72--73
[]\T1/ptm/m/n/10.95 deriveBasisSetsICA() (in mod-ule anal-y-
 []


Underfull \hbox (badness 10000) in paragraph at lines 73--74
[]\T1/ptm/m/n/10.95 deriveBasisSetsPCA() (in mod-ule anal-y-
 []


Underfull \hbox (badness 10000) in paragraph at lines 74--75
[]\T1/ptm/m/n/10.95 deriveBasisSetsRandomizedPCA() (in mod-ule
 []


Underfull \hbox (badness 10000) in paragraph at lines 75--76
[]\T1/ptm/m/n/10.95 discretise() (sim-u-la-tor.simulator.VISsimulator
 []


Underfull \hbox (badness 10000) in paragraph at lines 76--77
[]\T1/ptm/m/n/10.95 discretisetoADUs() (post-
 []


Underfull \hbox (badness 10000) in paragraph at lines 76--77
\T1/ptm/m/n/10.95 proc.postprocessing.PostProcessing
 []


Underfull \hbox (badness 10000) in paragraph at lines 77--78
[]\T1/ptm/m/n/10.95 doAll() (anal-y-sis.analyse.analyseVISdata
 []


Underfull \hbox (badness 10000) in paragraph at lines 78--79
[]\T1/ptm/m/n/10.95 doAperturePhotometry() (anal-y-
 []


Underfull \hbox (badness 10000) in paragraph at lines 78--79
\T1/ptm/m/n/10.95 sis.sourceFinder.sourceFinder method),
 []


Underfull \hbox (badness 10000) in paragraph at lines 79--80
[]\T1/ptm/m/n/10.95 drawDoughnut() (in mod-ule anal-y-
 []


Underfull \hbox (badness 10000) in paragraph at lines 80--82
[]\T1/ptm/m/n/10.95 drawFromCumulativeDistributionFunction() (in
 []


Underfull \hbox (badness 10000) in paragraph at lines 85--86
[]\T1/ptm/m/n/10.95 electrons2ADU() (sim-u-la-
 []


Underfull \hbox (badness 10000) in paragraph at lines 85--86
\T1/ptm/m/n/10.95 tor.simulator.VISsimulator method),
 []


Underfull \hbox (badness 10000) in paragraph at lines 86--87
[]\T1/ptm/m/n/10.95 encircledEnergy() (in mod-ule anal-y-
 []


Underfull \hbox (badness 10000) in paragraph at lines 88--89
[]\T1/ptm/m/n/10.95 examples() (in mod-ule anal-y-
 []


Underfull \hbox (badness 10000) in paragraph at lines 93--94
[]\T1/ptm/m/n/10.95 find() (anal-y-sis.sourceFinder.sourceFinder
 []


Underfull \hbox (badness 10000) in paragraph at lines 94--95
[]\T1/ptm/m/n/10.95 findSources() (anal-y-sis.analyse.analyseVISdata
 []


Underfull \hbox (badness 10000) in paragraph at lines 95--96
[]\T1/ptm/m/n/10.95 findTolerableError() (in mod-ule anal-y-
 []


Underfull \hbox (badness 10000) in paragraph at lines 96--97
[]\T1/ptm/m/n/10.95 findTolerableErrorPiston() (in mod-ule anal-y-
 []


Underfull \hbox (badness 10000) in paragraph at lines 97--98
[]\T1/ptm/m/n/10.95 findTolerableErrorSlope() (in mod-ule anal-y-
 []


Underfull \hbox (badness 10000) in paragraph at lines 98--99
[]\T1/ptm/m/n/10.95 fitf() (in mod-ule anal-y-
 []


Underfull \hbox (badness 10000) in paragraph at lines 99--100
[]\T1/ptm/m/n/10.95 flatfield() (re-duc-
 []


Underfull \hbox (badness 10000) in paragraph at lines 99--100
\T1/ptm/m/n/10.95 tion.reduceVISdata.reduceVISdata
 []

[80]
Underfull \hbox (badness 10000) in paragraph at lines 106--107
[]\T1/ptm/m/n/10.95 gaussianFit() (in mod-ule anal-y-
 []


Underfull \hbox (badness 10000) in paragraph at lines 107--108
[]\T1/ptm/m/n/10.95 generaPostageStamps() (in mod-ule
 []


Underfull \hbox (badness 10000) in paragraph at lines 108--109
[]\T1/ptm/m/n/10.95 generateBessel() (in mod-ule anal-y-
 []


Underfull \hbox (badness 10000) in paragraph at lines 109--110
[]\T1/ptm/m/n/10.95 generateCatalog() (in mod-ule
 []


Underfull \hbox (badness 10000) in paragraph at lines 110--111
[]\T1/ptm/m/n/10.95 generateCTImap() (post-
 []


Underfull \hbox (badness 10000) in paragraph at lines 110--111
\T1/ptm/m/n/10.95 proc.postprocessing.PostProcessing
 []


Underfull \hbox (badness 10000) in paragraph at lines 111--112
[]\T1/ptm/m/n/10.95 generateFakeData (class in sim-u-la-
 []


Underfull \hbox (badness 10000) in paragraph at lines 112--113
[]\T1/ptm/m/n/10.95 generateFinemaps() (sim-u-la-
 []


Underfull \hbox (badness 10000) in paragraph at lines 112--113
\T1/ptm/m/n/10.95 tor.simulator.VISsimulator method),
 []


Underfull \hbox (badness 10000) in paragraph at lines 113--114
[]\T1/ptm/m/n/10.95 generateMovie() (in mod-ule anal-y-
 []


Underfull \hbox (badness 10000) in paragraph at lines 114--116
[]\T1/ptm/m/n/10.95 generateOutput() (anal-y-
 []


Underfull \hbox (badness 10000) in paragraph at lines 114--116
\T1/ptm/m/n/10.95 sis.sourceFinder.sourceFinder method),
 []


Underfull \hbox (badness 10000) in paragraph at lines 116--117
[]\T1/ptm/m/n/10.95 generatePlots() (in mod-ule anal-y-
 []


Underfull \hbox (badness 5403) in paragraph at lines 117--118
[]\T1/ptm/m/n/10.95 generateResidualFlatField() (in mod-ule anal-y-
 []


Underfull \hbox (badness 10000) in paragraph at lines 118--119
[]\T1/ptm/m/n/10.95 getCenterOfMass() (anal-y-
 []


Underfull \hbox (badness 10000) in paragraph at lines 118--119
\T1/ptm/m/n/10.95 sis.sourceFinder.sourceFinder method),
 []


Underfull \hbox (badness 10000) in paragraph at lines 120--121
[]\T1/ptm/m/n/10.95 getFluxes() (anal-y-sis.sourceFinder.sourceFinder
 []


Underfull \hbox (badness 10000) in paragraph at lines 121--122
[]\T1/ptm/m/n/10.95 getSizes() (anal-y-sis.sourceFinder.sourceFinder
 []


Underfull \hbox (badness 10000) in paragraph at lines 135--136
[]\T1/ptm/m/n/10.95 loadFITS() (post-
 []


Underfull \hbox (badness 10000) in paragraph at lines 135--136
\T1/ptm/m/n/10.95 proc.postprocessing.PostProcessing
 []


Underfull \hbox (badness 10000) in paragraph at lines 139--140
[]\T1/ptm/m/n/10.95 maskCrazyValues() (sim-u-la-
 []


Underfull \hbox (badness 10000) in paragraph at lines 139--140
\T1/ptm/m/n/10.95 tor.generateGalaxies.generateFakeData
 []


Underfull \hbox (badness 10000) in paragraph at lines 140--141
[]\T1/ptm/m/n/10.95 measureChars() (in mod-ule anal-y-
 []


Underfull \hbox (badness 10000) in paragraph at lines 141--142
[]\T1/ptm/m/n/10.95 measureEllipticity() (anal-y-
 []


Underfull \hbox (badness 10000) in paragraph at lines 141--142
\T1/ptm/m/n/10.95 sis.analyse.analyseVISdata method),
 []


Underfull \hbox (badness 10000) in paragraph at lines 142--143
[]\T1/ptm/m/n/10.95 measureRefinedEllipticity() (anal-y-
 []


Underfull \hbox (badness 10000) in paragraph at lines 142--143
\T1/ptm/m/n/10.95 sis.shape.shapeMeasurement method),
 []


Underfull \hbox (badness 10000) in paragraph at lines 147--148
[]\T1/ptm/m/n/10.95 objectOnDetector() (sim-u-la-
 []


Underfull \hbox (badness 10000) in paragraph at lines 147--148
\T1/ptm/m/n/10.95 tor.simulator.VISsimulator method),
 []


Underfull \hbox (badness 10000) in paragraph at lines 148--149
[]\T1/ptm/m/n/10.95 overlayToCCD() (sim-u-la-
 []


Underfull \hbox (badness 10000) in paragraph at lines 148--149
\T1/ptm/m/n/10.95 tor.simulator.VISsimulator method),
 []


Underfull \hbox (badness 10000) in paragraph at lines 154--155
[]\T1/ptm/m/n/10.95 peakFraction() (in mod-ule anal-y-
 []


Underfull \hbox (badness 10000) in paragraph at lines 155--156
[]\T1/ptm/m/n/10.95 pistonKnowledge() (in mod-ule anal-y-
 []


Underfull \hbox (badness 10000) in paragraph at lines 156--157
[]\T1/ptm/m/n/10.95 plot() (anal-y-sis.sourceFinder.sourceFinder
 []


Underfull \hbox (badness 10000) in paragraph at lines 158--159
[]\T1/ptm/m/n/10.95 plotCatalog() (in mod-ule
 []


Underfull \hbox (badness 10000) in paragraph at lines 160--161
[]\T1/ptm/m/n/10.95 plotDeltaEs() (in mod-ule anal-y-
 []


Underfull \hbox (badness 10000) in paragraph at lines 161--162
[]\T1/ptm/m/n/10.95 plotDistributionFunction() (in mod-ule
 []


Underfull \hbox (badness 10000) in paragraph at lines 162--163
[]\T1/ptm/m/n/10.95 plotEllipticityDistribution() (anal-y-
 []


Underfull \hbox (badness 10000) in paragraph at lines 162--163
\T1/ptm/m/n/10.95 sis.analyse.analyseVISdata method),
 []


Underfull \hbox (badness 10000) in paragraph at lines 163--164
[]\T1/ptm/m/n/10.95 plotEncircledEnergy() (in mod-ule anal-y-
 []


Underfull \hbox (badness 10000) in paragraph at lines 165--166
[]\T1/ptm/m/n/10.95 plotGaussianResults() (in mod-ule anal-y-
 []


Underfull \hbox (badness 10000) in paragraph at lines 166--167
[]\T1/ptm/m/n/10.95 plotNumberOfFrames() (in mod-ule anal-y-
 []

[81]
Underfull \hbox (badness 10000) in paragraph at lines 170--171
[]\T1/ptm/m/n/10.95 plotResults() (in mod-ule anal-y-
 []


Underfull \hbox (badness 10000) in paragraph at lines 171--172
[]\T1/ptm/m/n/10.95 plotResults() (in mod-ule anal-y-
 []


Underfull \hbox (badness 10000) in paragraph at lines 172--173
[]\T1/ptm/m/n/10.95 plotResults() (in mod-ule anal-y-
 []


Underfull \hbox (badness 10000) in paragraph at lines 173--174
[]\T1/ptm/m/n/10.95 plotResults() (in mod-ule anal-y-
 []


Underfull \hbox (badness 10000) in paragraph at lines 179--180
[]\T1/ptm/m/n/10.95 processConfigs() (sim-u-la-
 []


Underfull \hbox (badness 10000) in paragraph at lines 179--180
\T1/ptm/m/n/10.95 tor.simulator.VISsimulator method),
 []


Underfull \hbox (badness 10000) in paragraph at lines 189--190
[]\T1/ptm/m/n/10.95 radiateFullCCD() (post-
 []


Underfull \hbox (badness 10000) in paragraph at lines 189--190
\T1/ptm/m/n/10.95 proc.postprocessing.PostProcessing
 []


Underfull \hbox (badness 10000) in paragraph at lines 190--191
[]\T1/ptm/m/n/10.95 readConfigs() (sim-u-la-tor.simulator.VISsimulator
 []


Underfull \hbox (badness 10000) in paragraph at lines 191--192
[]\T1/ptm/m/n/10.95 readCosmicRayInformation() (sim-u-la-
 []


Underfull \hbox (badness 10000) in paragraph at lines 191--192
\T1/ptm/m/n/10.95 tor.simulator.VISsimulator method),
 []


Underfull \hbox (badness 10000) in paragraph at lines 192--193
[]\T1/ptm/m/n/10.95 readData() (in mod-ule anal-y-
 []


Underfull \hbox (badness 10000) in paragraph at lines 197--198
[]\T1/ptm/m/n/10.95 readPSFs() (sim-u-la-tor.simulator.VISsimulator
 []


Underfull \hbox (badness 10000) in paragraph at lines 198--199
[]\T1/ptm/m/n/10.95 readSources() (anal-y-sis.analyse.analyseVISdata
 []


Underfull \hbox (badness 10000) in paragraph at lines 203--204
[]\T1/ptm/m/n/10.95 run() (post-proc.postprocessing.PostProcessing
 []


Underfull \hbox (badness 10000) in paragraph at lines 204--205
[]\T1/ptm/m/n/10.95 runAll() (anal-y-sis.sourceFinder.sourceFinder
 []


Underfull \hbox (badness 10000) in paragraph at lines 207--208
[]\T1/ptm/m/n/10.95 runAll() (sim-u-la-
 []


Underfull \hbox (badness 10000) in paragraph at lines 207--208
\T1/ptm/m/n/10.95 tor.generateGalaxies.generateFakeData
 []


Underfull \hbox (badness 10000) in paragraph at lines 213--214
[]\T1/ptm/m/n/10.95 simulate() (sim-u-la-tor.simulator.VISsimulator
 []


Underfull \hbox (badness 10000) in paragraph at lines 221--222
[]\T1/ptm/m/n/10.95 starCatalog() (in mod-ule
 []


Underfull \hbox (badness 10000) in paragraph at lines 222--223
[]\T1/ptm/m/n/10.95 starCatalogFixedMagnitude() (in mod-ule
 []


Underfull \hbox (badness 10000) in paragraph at lines 223--224
[]\T1/ptm/m/n/10.95 subtractBias() (re-duc-
 []


Underfull \hbox (badness 10000) in paragraph at lines 223--224
\T1/ptm/m/n/10.95 tion.reduceVISdata.reduceVISdata
 []


Underfull \hbox (badness 10000) in paragraph at lines 229--230
[]\T1/ptm/m/n/10.95 testBiasCalibrationDelta() (in mod-ule anal-y-
 []


Underfull \hbox (badness 10000) in paragraph at lines 230--231
[]\T1/ptm/m/n/10.95 testBiasCalibrationSigma() (in mod-ule anal-y-
 []


Underfull \hbox (badness 10000) in paragraph at lines 231--232
[]\T1/ptm/m/n/10.95 testCosmicrayRejection() (in mod-ule anal-y-
 []


Underfull \hbox (badness 10000) in paragraph at lines 232--233
[]\T1/ptm/m/n/10.95 testCosmicrayRejectionMultiPSF() (in mod-ule
 []


Underfull \hbox (badness 10000) in paragraph at lines 233--234
[]\T1/ptm/m/n/10.95 testCTIcorrection() (in mod-ule anal-y-
 []


Underfull \hbox (badness 10000) in paragraph at lines 234--235
[]\T1/ptm/m/n/10.95 testFlatCalibration() (in mod-ule anal-y-
 []


Underfull \hbox (badness 10000) in paragraph at lines 235--236
[]\T1/ptm/m/n/10.95 testNoFlatfieldingEffects() (in mod-ule anal-y-
 []


Underfull \hbox (badness 10000) in paragraph at lines 236--237
[]\T1/ptm/m/n/10.95 testNonlinearity() (in mod-ule anal-y-
 []


Underfull \hbox (badness 10000) in paragraph at lines 237--238
[]\T1/ptm/m/n/10.95 testNonLinearity() (in mod-ule sup-
 []

[82]
Underfull \hbox (badness 10000) in paragraph at lines 247--248
[]\T1/ptm/m/n/10.95 VISinformation() (in mod-ule sup-
 []


Underfull \hbox (badness 10000) in paragraph at lines 250--251
[]\T1/ptm/m/n/10.95 visualiseBasisSets() (in mod-ule anal-y-
 []


Underfull \hbox (badness 10000) in paragraph at lines 254--255
[]\T1/ptm/m/n/10.95 weinerFilter() (in mod-ule anal-y-
 []


Underfull \hbox (badness 10000) in paragraph at lines 255--256
[]\T1/ptm/m/n/10.95 writeFITS() (anal-y-sis.shape.shapeMeasurement
 []


Underfull \hbox (badness 10000) in paragraph at lines 256--257
[]\T1/ptm/m/n/10.95 writeFITSfile() (post-
 []


Underfull \hbox (badness 10000) in paragraph at lines 256--257
\T1/ptm/m/n/10.95 proc.postprocessing.PostProcessing
 []


Underfull \hbox (badness 10000) in paragraph at lines 257--258
[]\T1/ptm/m/n/10.95 writeFITSfile() (post-proc.tileCCD.tileCCD
 []


Underfull \hbox (badness 10000) in paragraph at lines 258--259
[]\T1/ptm/m/n/10.95 writeFITSfile() (post-proc.tileFPA.tileFPA
 []


Underfull \hbox (badness 10000) in paragraph at lines 259--260
[]\T1/ptm/m/n/10.95 writeFITSfile() (re-duc-
 []


Underfull \hbox (badness 10000) in paragraph at lines 259--260
\T1/ptm/m/n/10.95 tion.reduceVISdata.reduceVISdata
 []


Underfull \hbox (badness 10000) in paragraph at lines 262--263
[]\T1/ptm/m/n/10.95 writePhotometry() (anal-y-
 []


Underfull \hbox (badness 10000) in paragraph at lines 262--263
\T1/ptm/m/n/10.95 sis.sourceFinder.sourceFinder method),
 []


Underfull \hbox (badness 10000) in paragraph at lines 263--264
[]\T1/ptm/m/n/10.95 writeResults() (anal-y-sis.analyse.analyseVISdata
 []

[83

])
Package atveryend Info: Empty hook `BeforeClearDocument' on input line 5311.
Package atveryend Info: Empty hook `AfterLastShipout' on input line 5311.
 (./VIS.aux)
Package atveryend Info: Executing hook `AtVeryEndDocument' on input line 5311.
Package atveryend Info: Executing hook `AtEndAfterFileList' on input line 5311.

Package rerunfilecheck Info: File `VIS.out' has not changed.
(rerunfilecheck)             Checksum: DCD0D14F41E641F9504FA2FC3BAE2D8E;3993.
Package atveryend Info: Empty hook `AtVeryVeryEnd' on input line 5311.
 ) 
Here is how much of TeX's memory you used:
 9638 strings out of 493481
 141699 string characters out of 3140966
 233772 words of memory out of 3000000
 12355 multiletter control sequences out of 15000+200000
 59796 words of font info for 74 fonts, out of 3000000 for 9000
 958 hyphenation exceptions out of 8191
 38i,12n,51p,494b,580s stack positions out of 5000i,500n,10000p,200000b,50000s
{/usr/local/texlive/2012/texmf-dist/fonts/enc/dvips/base/8r.enc}</usr/local/t
exlive/2012/texmf-dist/fonts/type1/public/amsfonts/cm/cmmi10.pfb></usr/local/te
xlive/2012/texmf-dist/fonts/type1/public/amsfonts/cm/cmmi12.pfb></usr/local/tex
live/2012/texmf-dist/fonts/type1/public/amsfonts/cm/cmr10.pfb></usr/local/texli
ve/2012/texmf-dist/fonts/type1/public/amsfonts/cm/cmr12.pfb></usr/local/texlive
/2012/texmf-dist/fonts/type1/public/amsfonts/cm/cmr17.pfb></usr/local/texlive/2
012/texmf-dist/fonts/type1/public/amsfonts/cm/cmsy10.pfb></usr/local/texlive/20
12/texmf-dist/fonts/type1/urw/courier/ucrb8a.pfb></usr/local/texlive/2012/texmf
-dist/fonts/type1/urw/courier/ucrr8a.pfb></usr/local/texlive/2012/texmf-dist/fo
nts/type1/urw/helvetic/uhvb8a.pfb></usr/local/texlive/2012/texmf-dist/fonts/typ
e1/urw/helvetic/uhvbo8a.pfb></usr/local/texlive/2012/texmf-dist/fonts/type1/urw
/helvetic/uhvr8a.pfb></usr/local/texlive/2012/texmf-dist/fonts/type1/urw/times/
utmb8a.pfb></usr/local/texlive/2012/texmf-dist/fonts/type1/urw/times/utmr8a.pfb
></usr/local/texlive/2012/texmf-dist/fonts/type1/urw/times/utmri8a.pfb>
Output written on VIS.pdf (87 pages, 10720432 bytes).
PDF statistics:
 1425 PDF objects out of 1440 (max. 8388607)
 1259 compressed objects within 13 object streams
 393 named destinations out of 1000 (max. 500000)
 479 words of extra memory for PDF output out of 10000 (max. 10000000)

